# JRE version: Java(TM) SE Runtime Environment (17.0.6+9) (build 17.0.6+9-LTS-190)
# Java VM: Java HotSpot(TM) 64-Bit Server VM (17.0.6+9-LTS-190, mixed mode, sharing, tiered, compressed oops, compressed class ptrs, g1 gc, windows-amd64)
GC Precious Log:
 CPUs: 8 total, 8 available
 Memory: 14293M
 Large Page Support: Disabled
 NUMA Support: Disabled
 Compressed Oops: Enabled (Zero based)
 Heap Region Size: 2M
 Heap Min Capacity: 8M
 Heap Initial Capacity: 224M
 Heap Max Capacity: 3574M
 Pre-touch: Disabled
 Parallel Workers: 8
 Concurrent Workers: 2
 Concurrent Refinement Workers: 8
 Periodic GC: Disabled
Heap:
 garbage-first heap   total 393216K, used 307955K [0x0000000720a00000, 0x0000000800000000)
  region size 2048K, 77 young (157696K), 4 survivors (8192K)
 Metaspace       used 65695K, committed 66816K, reserved 1105920K
  class space    used 9956K, committed 10432K, reserved 1048576K
GC Heap History (20 events):
Event: 7.781 GC heap before
{Heap before GC invocations=12 (full 0):
 garbage-first heap   total 219136K, used 172171K [0x0000000720a00000, 0x0000000800000000)
  region size 2048K, 51 young (104448K), 2 survivors (4096K)
 Metaspace       used 29054K, committed 29952K, reserved 1081344K
  class space    used 3632K, committed 4032K, reserved 1048576K
}
Event: 7.785 GC heap after
{Heap after GC invocations=13 (full 0):
 garbage-first heap   total 219136K, used 75376K [0x0000000720a00000, 0x0000000800000000)
  region size 2048K, 2 young (4096K), 2 survivors (4096K)
 Metaspace       used 29054K, committed 29952K, reserved 1081344K
  class space    used 3632K, committed 4032K, reserved 1048576K
}
Event: 8.405 GC heap before
{Heap before GC invocations=13 (full 0):
 garbage-first heap   total 219136K, used 190064K [0x0000000720a00000, 0x0000000800000000)
  region size 2048K, 52 young (106496K), 2 survivors (4096K)
 Metaspace       used 31202K, committed 32000K, reserved 1081344K
  class space    used 3918K, committed 4288K, reserved 1048576K
}
Event: 8.411 GC heap after
{Heap after GC invocations=14 (full 0):
 garbage-first heap   total 219136K, used 90423K [0x0000000720a00000, 0x0000000800000000)
  region size 2048K, 4 young (8192K), 4 survivors (8192K)
 Metaspace       used 31202K, committed 32000K, reserved 1081344K
  class space    used 3918K, committed 4288K, reserved 1048576K
}
Event: 9.286 GC heap before
{Heap before GC invocations=14 (full 0):
 garbage-first heap   total 219136K, used 180535K [0x0000000720a00000, 0x0000000800000000)
  region size 2048K, 48 young (98304K), 4 survivors (8192K)
 Metaspace       used 31645K, committed 32512K, reserved 1081344K
  class space    used 3987K, committed 4352K, reserved 1048576K
}
Event: 9.293 GC heap after
{Heap after GC invocations=15 (full 0):
 garbage-first heap   total 264192K, used 92358K [0x0000000720a00000, 0x0000000800000000)
  region size 2048K, 4 young (8192K), 4 survivors (8192K)
 Metaspace       used 31645K, committed 32512K, reserved 1081344K
  class space    used 3987K, committed 4352K, reserved 1048576K
}
Event: 10.174 GC heap before
{Heap before GC invocations=15 (full 0):
 garbage-first heap   total 264192K, used 176326K [0x0000000720a00000, 0x0000000800000000)
  region size 2048K, 46 young (94208K), 4 survivors (8192K)
 Metaspace       used 35130K, committed 35968K, reserved 1081344K
  class space    used 4368K, committed 4736K, reserved 1048576K
}
Event: 10.179 GC heap after
{Heap after GC invocations=16 (full 0):
 garbage-first heap   total 264192K, used 93585K [0x0000000720a00000, 0x0000000800000000)
  region size 2048K, 5 young (10240K), 5 survivors (10240K)
 Metaspace       used 35130K, committed 35968K, reserved 1081344K
  class space    used 4368K, committed 4736K, reserved 1048576K
}
Event: 11.293 GC heap before
{Heap before GC invocations=17 (full 0):
 garbage-first heap   total 264192K, used 218513K [0x0000000720a00000, 0x0000000800000000)
  region size 2048K, 66 young (135168K), 5 survivors (10240K)
 Metaspace       used 40825K, committed 41856K, reserved 1089536K
  class space    used 5391K, committed 5888K, reserved 1048576K
}
Event: 11.310 GC heap after
{Heap after GC invocations=18 (full 0):
 garbage-first heap   total 264192K, used 101357K [0x0000000720a00000, 0x0000000800000000)
  region size 2048K, 9 young (18432K), 9 survivors (18432K)
 Metaspace       used 40825K, committed 41856K, reserved 1089536K
  class space    used 5391K, committed 5888K, reserved 1048576K
}
Event: 11.816 GC heap before
{Heap before GC invocations=18 (full 0):
 garbage-first heap   total 264192K, used 213997K [0x0000000720a00000, 0x0000000800000000)
  region size 2048K, 64 young (131072K), 9 survivors (18432K)
 Metaspace       used 41985K, committed 43072K, reserved 1089536K
  class space    used 5585K, committed 6080K, reserved 1048576K
}
Event: 11.841 GC heap after
{Heap after GC invocations=19 (full 0):
 garbage-first heap   total 264192K, used 112729K [0x0000000720a00000, 0x0000000800000000)
  region size 2048K, 8 young (16384K), 8 survivors (16384K)
 Metaspace       used 41985K, committed 43072K, reserved 1089536K
  class space    used 5585K, committed 6080K, reserved 1048576K
}
Event: 12.035 GC heap before
{Heap before GC invocations=19 (full 0):
 garbage-first heap   total 264192K, used 215129K [0x0000000720a00000, 0x0000000800000000)
  region size 2048K, 58 young (118784K), 8 survivors (16384K)
 Metaspace       used 42156K, committed 43200K, reserved 1089536K
  class space    used 5604K, committed 6080K, reserved 1048576K
}
Event: 12.055 GC heap after
{Heap after GC invocations=20 (full 0):
 garbage-first heap   total 264192K, used 124762K [0x0000000720a00000, 0x0000000800000000)
  region size 2048K, 6 young (12288K), 6 survivors (12288K)
 Metaspace       used 42156K, committed 43200K, reserved 1089536K
  class space    used 5604K, committed 6080K, reserved 1048576K
}
Event: 12.457 GC heap before
{Heap before GC invocations=20 (full 0):
 garbage-first heap   total 264192K, used 212826K [0x0000000720a00000, 0x0000000800000000)
  region size 2048K, 49 young (100352K), 6 survivors (12288K)
 Metaspace       used 44026K, committed 45056K, reserved 1089536K
  class space    used 5942K, committed 6400K, reserved 1048576K
}
Event: 12.472 GC heap after
{Heap after GC invocations=21 (full 0):
 garbage-first heap   total 264192K, used 133162K [0x0000000720a00000, 0x0000000800000000)
  region size 2048K, 5 young (10240K), 5 survivors (10240K)
 Metaspace       used 44026K, committed 45056K, reserved 1089536K
  class space    used 5942K, committed 6400K, reserved 1048576K
}
Event: 13.644 GC heap before
{Heap before GC invocations=21 (full 0):
 garbage-first heap   total 264192K, used 215082K [0x0000000720a00000, 0x0000000800000000)
  region size 2048K, 45 young (92160K), 5 survivors (10240K)
 Metaspace       used 48110K, committed 49216K, reserved 1097728K
  class space    used 6536K, committed 7040K, reserved 1048576K
}
Event: 13.661 GC heap after
{Heap after GC invocations=22 (full 0):
 garbage-first heap   total 393216K, used 152551K [0x0000000720a00000, 0x0000000800000000)
  region size 2048K, 6 young (12288K), 6 survivors (12288K)
 Metaspace       used 48110K, committed 49216K, reserved 1097728K
  class space    used 6536K, committed 7040K, reserved 1048576K
}
Event: 15.214 GC heap before
{Heap before GC invocations=23 (full 0):
 garbage-first heap   total 393216K, used 304103K [0x0000000720a00000, 0x0000000800000000)
  region size 2048K, 80 young (163840K), 6 survivors (12288K)
 Metaspace       used 57197K, committed 58304K, reserved 1105920K
  class space    used 8534K, committed 9024K, reserved 1048576K
}
Event: 15.226 GC heap after
{Heap after GC invocations=24 (full 0):
 garbage-first heap   total 393216K, used 160499K [0x0000000720a00000, 0x0000000800000000)
  region size 2048K, 4 young (8192K), 4 survivors (8192K)
 Metaspace       used 57197K, committed 58304K, reserved 1105920K
  class space    used 8534K, committed 9024K, reserved 1048576K
}

