# JRE version: OpenJDK Runtime Environment Temurin-17.0.5+8 (17.0.5+8) (build 17.0.5+8)
# Java VM: OpenJDK 64-Bit Server VM Temurin-17.0.5+8 (17.0.5+8, mixed mode, sharing, tiered, compressed oops, compressed class ptrs, g1 gc, windows-amd64)
GC Precious Log:
 CPUs: 8 total, 8 available
 Memory: 14293M
 Large Page Support: Disabled
 NUMA Support: Disabled
 Compressed Oops: Enabled (Zero based)
 Heap Region Size: 2M
 Heap Min Capacity: 8M
 Heap Initial Capacity: 224M
 Heap Max Capacity: 3574M
 Pre-touch: Disabled
 Parallel Workers: 8
 Concurrent Workers: 2
 Concurrent Refinement Workers: 8
 Periodic GC: Disabled
Heap:
 garbage-first heap   total 327680K, used 172498K [0x00000004eb000000, 0x00000005ca600000)
  region size 2048K, 4 young (8192K), 1 survivors (2048K)
 Metaspace       used 65573K, committed 66688K, reserved 1105920K
  class space    used 9954K, committed 10432K, reserved 1048576K
GC Heap History (20 events):
Event: 6.439 GC heap before
{Heap before GC invocations=12 (full 0):
 garbage-first heap   total 198656K, used 153636K [0x00000004eb000000, 0x00000005ca600000)
  region size 2048K, 42 young (86016K), 2 survivors (4096K)
 Metaspace       used 27002K, committed 27776K, reserved 1073152K
  class space    used 3344K, committed 3648K, reserved 1048576K
}
Event: 6.443 GC heap after
{Heap after GC invocations=13 (full 0):
 garbage-first heap   total 509952K, used 71814K [0x00000004eb000000, 0x00000005ca600000)
  region size 2048K, 2 young (4096K), 2 survivors (4096K)
 Metaspace       used 27002K, committed 27776K, reserved 1073152K
  class space    used 3344K, committed 3648K, reserved 1048576K
}
Event: 7.639 GC heap before
{Heap before GC invocations=13 (full 0):
 garbage-first heap   total 509952K, used 385158K [0x00000004eb000000, 0x00000005ca600000)
  region size 2048K, 149 young (305152K), 2 survivors (4096K)
 Metaspace       used 31271K, committed 32128K, reserved 1081344K
  class space    used 3935K, committed 4288K, reserved 1048576K
}
Event: 7.648 GC heap after
{Heap after GC invocations=14 (full 0):
 garbage-first heap   total 509952K, used 88808K [0x00000004eb000000, 0x00000005ca600000)
  region size 2048K, 4 young (8192K), 4 survivors (8192K)
 Metaspace       used 31271K, committed 32128K, reserved 1081344K
  class space    used 3935K, committed 4288K, reserved 1048576K
}
Event: 8.754 GC heap before
{Heap before GC invocations=14 (full 0):
 garbage-first heap   total 509952K, used 275176K [0x00000004eb000000, 0x00000005ca600000)
  region size 2048K, 96 young (196608K), 4 survivors (8192K)
 Metaspace       used 35216K, committed 36160K, reserved 1081344K
  class space    used 4388K, committed 4800K, reserved 1048576K
}
Event: 8.762 GC heap after
{Heap after GC invocations=15 (full 0):
 garbage-first heap   total 509952K, used 92232K [0x00000004eb000000, 0x00000005ca600000)
  region size 2048K, 6 young (12288K), 6 survivors (12288K)
 Metaspace       used 35216K, committed 36160K, reserved 1081344K
  class space    used 4388K, committed 4800K, reserved 1048576K
}
Event: 10.307 GC heap before
{Heap before GC invocations=16 (full 0):
 garbage-first heap   total 327680K, used 276552K [0x00000004eb000000, 0x00000005ca600000)
  region size 2048K, 96 young (196608K), 6 survivors (12288K)
 Metaspace       used 41556K, committed 42496K, reserved 1089536K
  class space    used 5518K, committed 5952K, reserved 1048576K
}
Event: 10.326 GC heap after
{Heap after GC invocations=17 (full 0):
 garbage-first heap   total 327680K, used 106064K [0x00000004eb000000, 0x00000005ca600000)
  region size 2048K, 12 young (24576K), 12 survivors (24576K)
 Metaspace       used 41556K, committed 42496K, reserved 1089536K
  class space    used 5518K, committed 5952K, reserved 1048576K
}
Event: 10.795 GC heap before
{Heap before GC invocations=17 (full 0):
 garbage-first heap   total 327680K, used 269904K [0x00000004eb000000, 0x00000005ca600000)
  region size 2048K, 92 young (188416K), 12 survivors (24576K)
 Metaspace       used 42255K, committed 43264K, reserved 1089536K
  class space    used 5621K, committed 6080K, reserved 1048576K
}
Event: 10.826 GC heap after
{Heap after GC invocations=18 (full 0):
 garbage-first heap   total 327680K, used 123484K [0x00000004eb000000, 0x00000005ca600000)
  region size 2048K, 9 young (18432K), 9 survivors (18432K)
 Metaspace       used 42255K, committed 43264K, reserved 1089536K
  class space    used 5621K, committed 6080K, reserved 1048576K
}
Event: 11.809 GC heap before
{Heap before GC invocations=18 (full 0):
 garbage-first heap   total 327680K, used 262748K [0x00000004eb000000, 0x00000005ca600000)
  region size 2048K, 77 young (157696K), 9 survivors (18432K)
 Metaspace       used 46954K, committed 48000K, reserved 1097728K
  class space    used 6326K, committed 6784K, reserved 1048576K
}
Event: 11.829 GC heap after
{Heap after GC invocations=19 (full 0):
 garbage-first heap   total 327680K, used 143642K [0x00000004eb000000, 0x00000005ca600000)
  region size 2048K, 10 young (20480K), 10 survivors (20480K)
 Metaspace       used 46954K, committed 48000K, reserved 1097728K
  class space    used 6326K, committed 6784K, reserved 1048576K
}
Event: 13.326 GC heap before
{Heap before GC invocations=19 (full 0):
 garbage-first heap   total 327680K, used 260378K [0x00000004eb000000, 0x00000005ca600000)
  region size 2048K, 67 young (137216K), 10 survivors (20480K)
 Metaspace       used 55282K, committed 56384K, reserved 1097728K
  class space    used 8196K, committed 8704K, reserved 1048576K
}
Event: 13.343 GC heap after
{Heap after GC invocations=20 (full 0):
 garbage-first heap   total 327680K, used 155402K [0x00000004eb000000, 0x00000005ca600000)
  region size 2048K, 6 young (12288K), 6 survivors (12288K)
 Metaspace       used 55282K, committed 56384K, reserved 1097728K
  class space    used 8196K, committed 8704K, reserved 1048576K
}
Event: 14.859 GC heap before
{Heap before GC invocations=20 (full 0):
 garbage-first heap   total 327680K, used 257802K [0x00000004eb000000, 0x00000005ca600000)
  region size 2048K, 57 young (116736K), 6 survivors (12288K)
 Metaspace       used 59624K, committed 60736K, reserved 1105920K
  class space    used 9004K, committed 9472K, reserved 1048576K
}
Event: 14.871 GC heap after
{Heap after GC invocations=21 (full 0):
 garbage-first heap   total 327680K, used 161456K [0x00000004eb000000, 0x00000005ca600000)
  region size 2048K, 3 young (6144K), 3 survivors (6144K)
 Metaspace       used 59624K, committed 60736K, reserved 1105920K
  class space    used 9004K, committed 9472K, reserved 1048576K
}
Event: 17.342 GC heap before
{Heap before GC invocations=22 (full 0):
 garbage-first heap   total 327680K, used 263856K [0x00000004eb000000, 0x00000005ca600000)
  region size 2048K, 54 young (110592K), 3 survivors (6144K)
 Metaspace       used 64815K, committed 65984K, reserved 1105920K
  class space    used 9817K, committed 10304K, reserved 1048576K
}
Event: 17.355 GC heap after
{Heap after GC invocations=23 (full 0):
 garbage-first heap   total 327680K, used 167737K [0x00000004eb000000, 0x00000005ca600000)
  region size 2048K, 6 young (12288K), 6 survivors (12288K)
 Metaspace       used 64815K, committed 65984K, reserved 1105920K
  class space    used 9817K, committed 10304K, reserved 1048576K
}
Event: 17.430 GC heap before
{Heap before GC invocations=23 (full 0):
 garbage-first heap   total 327680K, used 169785K [0x00000004eb000000, 0x00000005ca600000)
  region size 2048K, 8 young (16384K), 6 survivors (12288K)
 Metaspace       used 65221K, committed 66432K, reserved 1105920K
  class space    used 9906K, committed 10432K, reserved 1048576K
}
Event: 17.437 GC heap after
{Heap after GC invocations=24 (full 0):
 garbage-first heap   total 327680K, used 168402K [0x00000004eb000000, 0x00000005ca600000)
  region size 2048K, 1 young (2048K), 1 survivors (2048K)
 Metaspace       used 65221K, committed 66432K, reserved 1105920K
  class space    used 9906K, committed 10432K, reserved 1048576K
}

