# JRE version: OpenJDK Runtime Environment Temurin-17.0.5+8 (17.0.5+8) (build 17.0.5+8)
# Java VM: OpenJDK 64-Bit Server VM Temurin-17.0.5+8 (17.0.5+8, mixed mode, sharing, tiered, compressed oops, compressed class ptrs, g1 gc, windows-amd64)
GC Precious Log:
 CPUs: 8 total, 8 available
 Memory: 14293M
 Large Page Support: Disabled
 NUMA Support: Disabled
 Compressed Oops: Enabled (Zero based)
 Heap Region Size: 2M
 Heap Min Capacity: 8M
 Heap Initial Capacity: 224M
 Heap Max Capacity: 3574M
 Pre-touch: Disabled
 Parallel Workers: 8
 Concurrent Workers: 2
 Concurrent Refinement Workers: 8
 Periodic GC: Disabled
Heap:
 garbage-first heap   total 434176K, used 269982K [0x0000000720a00000, 0x0000000800000000)
  region size 2048K, 59 young (120832K), 4 survivors (8192K)
 Metaspace       used 65532K, committed 66688K, reserved 1105920K
  class space    used 9952K, committed 10432K, reserved 1048576K
GC Heap History (20 events):
Event: 6.416 GC heap before
{Heap before GC invocations=14 (full 0):
 garbage-first heap   total 256000K, used 206705K [0x0000000720a00000, 0x0000000800000000)
  region size 2048K, 62 young (126976K), 3 survivors (6144K)
 Metaspace       used 31085K, committed 31936K, reserved 1081344K
  class space    used 3913K, committed 4288K, reserved 1048576K
}
Event: 6.421 GC heap after
{Heap after GC invocations=15 (full 0):
 garbage-first heap   total 256000K, used 90516K [0x0000000720a00000, 0x0000000800000000)
  region size 2048K, 4 young (8192K), 4 survivors (8192K)
 Metaspace       used 31085K, committed 31936K, reserved 1081344K
  class space    used 3913K, committed 4288K, reserved 1048576K
}
Event: 7.306 GC heap before
{Heap before GC invocations=15 (full 0):
 garbage-first heap   total 256000K, used 211348K [0x0000000720a00000, 0x0000000800000000)
  region size 2048K, 63 young (129024K), 4 survivors (8192K)
 Metaspace       used 34078K, committed 35008K, reserved 1081344K
  class space    used 4222K, committed 4672K, reserved 1048576K
}
Event: 7.313 GC heap after
{Heap after GC invocations=16 (full 0):
 garbage-first heap   total 256000K, used 92448K [0x0000000720a00000, 0x0000000800000000)
  region size 2048K, 5 young (10240K), 5 survivors (10240K)
 Metaspace       used 34078K, committed 35008K, reserved 1081344K
  class space    used 4222K, committed 4672K, reserved 1048576K
}
Event: 7.496 GC heap before
{Heap before GC invocations=16 (full 0):
 garbage-first heap   total 256000K, used 106784K [0x0000000720a00000, 0x0000000800000000)
  region size 2048K, 13 young (26624K), 5 survivors (10240K)
 Metaspace       used 35195K, committed 36160K, reserved 1081344K
  class space    used 4387K, committed 4800K, reserved 1048576K
}
Event: 7.502 GC heap after
{Heap after GC invocations=17 (full 0):
 garbage-first heap   total 256000K, used 93339K [0x0000000720a00000, 0x0000000800000000)
  region size 2048K, 5 young (10240K), 5 survivors (10240K)
 Metaspace       used 35195K, committed 36160K, reserved 1081344K
  class space    used 4387K, committed 4800K, reserved 1048576K
}
Event: 8.516 GC heap before
{Heap before GC invocations=18 (full 0):
 garbage-first heap   total 256000K, used 214171K [0x0000000720a00000, 0x0000000800000000)
  region size 2048K, 64 young (131072K), 5 survivors (10240K)
 Metaspace       used 40721K, committed 41664K, reserved 1089536K
  class space    used 5386K, committed 5824K, reserved 1048576K
}
Event: 8.531 GC heap after
{Heap after GC invocations=19 (full 0):
 garbage-first heap   total 256000K, used 100468K [0x0000000720a00000, 0x0000000800000000)
  region size 2048K, 8 young (16384K), 8 survivors (16384K)
 Metaspace       used 40721K, committed 41664K, reserved 1089536K
  class space    used 5386K, committed 5824K, reserved 1048576K
}
Event: 8.931 GC heap before
{Heap before GC invocations=19 (full 0):
 garbage-first heap   total 256000K, used 211060K [0x0000000720a00000, 0x0000000800000000)
  region size 2048K, 62 young (126976K), 8 survivors (16384K)
 Metaspace       used 41803K, committed 42816K, reserved 1089536K
  class space    used 5554K, committed 6016K, reserved 1048576K
}
Event: 8.955 GC heap after
{Heap after GC invocations=20 (full 0):
 garbage-first heap   total 256000K, used 111021K [0x0000000720a00000, 0x0000000800000000)
  region size 2048K, 8 young (16384K), 8 survivors (16384K)
 Metaspace       used 41803K, committed 42816K, reserved 1089536K
  class space    used 5554K, committed 6016K, reserved 1048576K
}
Event: 9.116 GC heap before
{Heap before GC invocations=20 (full 0):
 garbage-first heap   total 256000K, used 207277K [0x0000000720a00000, 0x0000000800000000)
  region size 2048K, 55 young (112640K), 8 survivors (16384K)
 Metaspace       used 41886K, committed 42816K, reserved 1089536K
  class space    used 5580K, committed 6016K, reserved 1048576K
}
Event: 9.138 GC heap after
{Heap after GC invocations=21 (full 0):
 garbage-first heap   total 309248K, used 121715K [0x0000000720a00000, 0x0000000800000000)
  region size 2048K, 5 young (10240K), 5 survivors (10240K)
 Metaspace       used 41886K, committed 42816K, reserved 1089536K
  class space    used 5580K, committed 6016K, reserved 1048576K
}
Event: 9.761 GC heap before
{Heap before GC invocations=21 (full 0):
 garbage-first heap   total 309248K, used 246643K [0x0000000720a00000, 0x0000000800000000)
  region size 2048K, 66 young (135168K), 5 survivors (10240K)
 Metaspace       used 45427K, committed 46464K, reserved 1089536K
  class space    used 6130K, committed 6592K, reserved 1048576K
}
Event: 9.774 GC heap after
{Heap after GC invocations=22 (full 0):
 garbage-first heap   total 309248K, used 130797K [0x0000000720a00000, 0x0000000800000000)
  region size 2048K, 9 young (18432K), 9 survivors (18432K)
 Metaspace       used 45427K, committed 46464K, reserved 1089536K
  class space    used 6130K, committed 6592K, reserved 1048576K
}
Event: 10.861 GC heap before
{Heap before GC invocations=22 (full 0):
 garbage-first heap   total 309248K, used 247533K [0x0000000720a00000, 0x0000000800000000)
  region size 2048K, 66 young (135168K), 9 survivors (18432K)
 Metaspace       used 52557K, committed 53504K, reserved 1097728K
  class space    used 7641K, committed 8064K, reserved 1048576K
}
Event: 10.882 GC heap after
{Heap after GC invocations=23 (full 0):
 garbage-first heap   total 309248K, used 150425K [0x0000000720a00000, 0x0000000800000000)
  region size 2048K, 9 young (18432K), 9 survivors (18432K)
 Metaspace       used 52557K, committed 53504K, reserved 1097728K
  class space    used 7641K, committed 8064K, reserved 1048576K
}
Event: 11.832 GC heap before
{Heap before GC invocations=23 (full 0):
 garbage-first heap   total 309248K, used 242585K [0x0000000720a00000, 0x0000000800000000)
  region size 2048K, 54 young (110592K), 9 survivors (18432K)
 Metaspace       used 57192K, committed 58304K, reserved 1105920K
  class space    used 8529K, committed 9024K, reserved 1048576K
}
Event: 11.848 GC heap after
{Heap after GC invocations=24 (full 0):
 garbage-first heap   total 309248K, used 159037K [0x0000000720a00000, 0x0000000800000000)
  region size 2048K, 4 young (8192K), 4 survivors (8192K)
 Metaspace       used 57192K, committed 58304K, reserved 1105920K
  class space    used 8529K, committed 9024K, reserved 1048576K
}
Event: 12.288 GC heap before
{Heap before GC invocations=24 (full 0):
 garbage-first heap   total 309248K, used 204093K [0x0000000720a00000, 0x0000000800000000)
  region size 2048K, 27 young (55296K), 4 survivors (8192K)
 Metaspace       used 59663K, committed 60736K, reserved 1105920K
  class space    used 9014K, committed 9472K, reserved 1048576K
}
Event: 12.296 GC heap after
{Heap after GC invocations=25 (full 0):
 garbage-first heap   total 434176K, used 159390K [0x0000000720a00000, 0x0000000800000000)
  region size 2048K, 4 young (8192K), 4 survivors (8192K)
 Metaspace       used 59663K, committed 60736K, reserved 1105920K
  class space    used 9014K, committed 9472K, reserved 1048576K
}

