# JRE version: OpenJDK Runtime Environment Temurin-17.0.5+8 (17.0.5+8) (build 17.0.5+8)
# Java VM: OpenJDK 64-Bit Server VM Temurin-17.0.5+8 (17.0.5+8, mixed mode, sharing, tiered, compressed oops, compressed class ptrs, g1 gc, windows-amd64)
GC Precious Log:
 CPUs: 8 total, 8 available
 Memory: 14293M
 Large Page Support: Disabled
 NUMA Support: Disabled
 Compressed Oops: Enabled (Zero based)
 Heap Region Size: 2M
 Heap Min Capacity: 8M
 Heap Initial Capacity: 224M
 Heap Max Capacity: 3574M
 Pre-touch: Disabled
 Parallel Workers: 8
 Concurrent Workers: 2
 Concurrent Refinement Workers: 8
 Periodic GC: Disabled
Heap:
 garbage-first heap   total 417792K, used 305228K [0x0000000720a00000, 0x0000000800000000)
  region size 2048K, 76 young (155648K), 3 survivors (6144K)
 Metaspace       used 65576K, committed 66752K, reserved 1105920K
  class space    used 9948K, committed 10432K, reserved 1048576K
GC Heap History (20 events):
Event: 6.671 GC heap before
{Heap before GC invocations=13 (full 0):
 garbage-first heap   total 251904K, used 218904K [0x0000000720a00000, 0x0000000800000000)
  region size 2048K, 67 young (137216K), 2 survivors (4096K)
 Metaspace       used 29292K, committed 30080K, reserved 1081344K
  class space    used 3673K, committed 4032K, reserved 1048576K
}
Event: 6.678 GC heap after
{Heap after GC invocations=14 (full 0):
 garbage-first heap   total 251904K, used 88316K [0x0000000720a00000, 0x0000000800000000)
  region size 2048K, 3 young (6144K), 3 survivors (6144K)
 Metaspace       used 29292K, committed 30080K, reserved 1081344K
  class space    used 3673K, committed 4032K, reserved 1048576K
}
Event: 7.064 GC heap before
{Heap before GC invocations=14 (full 0):
 garbage-first heap   total 251904K, used 207100K [0x0000000720a00000, 0x0000000800000000)
  region size 2048K, 62 young (126976K), 3 survivors (6144K)
 Metaspace       used 31142K, committed 32000K, reserved 1081344K
  class space    used 3913K, committed 4288K, reserved 1048576K
}
Event: 7.072 GC heap after
{Heap after GC invocations=15 (full 0):
 garbage-first heap   total 251904K, used 90731K [0x0000000720a00000, 0x0000000800000000)
  region size 2048K, 4 young (8192K), 4 survivors (8192K)
 Metaspace       used 31142K, committed 32000K, reserved 1081344K
  class space    used 3913K, committed 4288K, reserved 1048576K
}
Event: 9.186 GC heap before
{Heap before GC invocations=15 (full 0):
 garbage-first heap   total 251904K, used 207467K [0x0000000720a00000, 0x0000000800000000)
  region size 2048K, 62 young (126976K), 4 survivors (8192K)
 Metaspace       used 34445K, committed 35392K, reserved 1081344K
  class space    used 4271K, committed 4736K, reserved 1048576K
}
Event: 9.193 GC heap after
{Heap after GC invocations=16 (full 0):
 garbage-first heap   total 251904K, used 92724K [0x0000000720a00000, 0x0000000800000000)
  region size 2048K, 5 young (10240K), 5 survivors (10240K)
 Metaspace       used 34445K, committed 35392K, reserved 1081344K
  class space    used 4271K, committed 4736K, reserved 1048576K
}
Event: 9.308 GC heap before
{Heap before GC invocations=16 (full 0):
 garbage-first heap   total 251904K, used 98868K [0x0000000720a00000, 0x0000000800000000)
  region size 2048K, 10 young (20480K), 5 survivors (10240K)
 Metaspace       used 35190K, committed 36160K, reserved 1081344K
  class space    used 4385K, committed 4800K, reserved 1048576K
}
Event: 9.316 GC heap after
{Heap after GC invocations=17 (full 0):
 garbage-first heap   total 251904K, used 93156K [0x0000000720a00000, 0x0000000800000000)
  region size 2048K, 5 young (10240K), 5 survivors (10240K)
 Metaspace       used 35190K, committed 36160K, reserved 1081344K
  class space    used 4385K, committed 4800K, reserved 1048576K
}
Event: 10.514 GC heap before
{Heap before GC invocations=18 (full 0):
 garbage-first heap   total 251904K, used 209892K [0x0000000720a00000, 0x0000000800000000)
  region size 2048K, 63 young (129024K), 5 survivors (10240K)
 Metaspace       used 40725K, committed 41664K, reserved 1089536K
  class space    used 5383K, committed 5824K, reserved 1048576K
}
Event: 10.528 GC heap after
{Heap after GC invocations=19 (full 0):
 garbage-first heap   total 251904K, used 100208K [0x0000000720a00000, 0x0000000800000000)
  region size 2048K, 8 young (16384K), 8 survivors (16384K)
 Metaspace       used 40725K, committed 41664K, reserved 1089536K
  class space    used 5383K, committed 5824K, reserved 1048576K
}
Event: 10.935 GC heap before
{Heap before GC invocations=19 (full 0):
 garbage-first heap   total 251904K, used 206704K [0x0000000720a00000, 0x0000000800000000)
  region size 2048K, 60 young (122880K), 8 survivors (16384K)
 Metaspace       used 41731K, committed 42752K, reserved 1089536K
  class space    used 5542K, committed 6016K, reserved 1048576K
}
Event: 10.961 GC heap after
{Heap after GC invocations=20 (full 0):
 garbage-first heap   total 303104K, used 110322K [0x0000000720a00000, 0x0000000800000000)
  region size 2048K, 8 young (16384K), 8 survivors (16384K)
 Metaspace       used 41731K, committed 42752K, reserved 1089536K
  class space    used 5542K, committed 6016K, reserved 1048576K
}
Event: 11.271 GC heap before
{Heap before GC invocations=20 (full 0):
 garbage-first heap   total 303104K, used 245490K [0x0000000720a00000, 0x0000000800000000)
  region size 2048K, 74 young (151552K), 8 survivors (16384K)
 Metaspace       used 42243K, committed 43200K, reserved 1089536K
  class space    used 5618K, committed 6080K, reserved 1048576K
}
Event: 11.293 GC heap after
{Heap after GC invocations=21 (full 0):
 garbage-first heap   total 303104K, used 123917K [0x0000000720a00000, 0x0000000800000000)
  region size 2048K, 10 young (20480K), 10 survivors (20480K)
 Metaspace       used 42243K, committed 43200K, reserved 1089536K
  class space    used 5618K, committed 6080K, reserved 1048576K
}
Event: 12.234 GC heap before
{Heap before GC invocations=21 (full 0):
 garbage-first heap   total 303104K, used 244749K [0x0000000720a00000, 0x0000000800000000)
  region size 2048K, 69 young (141312K), 10 survivors (20480K)
 Metaspace       used 46905K, committed 47936K, reserved 1097728K
  class space    used 6315K, committed 6784K, reserved 1048576K
}
Event: 12.257 GC heap after
{Heap after GC invocations=22 (full 0):
 garbage-first heap   total 303104K, used 140341K [0x0000000720a00000, 0x0000000800000000)
  region size 2048K, 8 young (16384K), 8 survivors (16384K)
 Metaspace       used 46905K, committed 47936K, reserved 1097728K
  class space    used 6315K, committed 6784K, reserved 1048576K
}
Event: 13.378 GC heap before
{Heap before GC invocations=22 (full 0):
 garbage-first heap   total 303104K, used 242741K [0x0000000720a00000, 0x0000000800000000)
  region size 2048K, 58 young (118784K), 8 survivors (16384K)
 Metaspace       used 53710K, committed 54784K, reserved 1097728K
  class space    used 7896K, committed 8384K, reserved 1048576K
}
Event: 13.399 GC heap after
{Heap after GC invocations=23 (full 0):
 garbage-first heap   total 303104K, used 154359K [0x0000000720a00000, 0x0000000800000000)
  region size 2048K, 7 young (14336K), 7 survivors (14336K)
 Metaspace       used 53710K, committed 54784K, reserved 1097728K
  class space    used 7896K, committed 8384K, reserved 1048576K
}
Event: 14.187 GC heap before
{Heap before GC invocations=23 (full 0):
 garbage-first heap   total 303104K, used 244471K [0x0000000720a00000, 0x0000000800000000)
  region size 2048K, 51 young (104448K), 7 survivors (14336K)
 Metaspace       used 57335K, committed 58496K, reserved 1105920K
  class space    used 8552K, committed 9088K, reserved 1048576K
}
Event: 14.199 GC heap after
{Heap after GC invocations=24 (full 0):
 garbage-first heap   total 417792K, used 159820K [0x0000000720a00000, 0x0000000800000000)
  region size 2048K, 3 young (6144K), 3 survivors (6144K)
 Metaspace       used 57335K, committed 58496K, reserved 1105920K
  class space    used 8552K, committed 9088K, reserved 1048576K
}

