# JRE version: OpenJDK Runtime Environment Temurin-17.0.5+8 (17.0.5+8) (build 17.0.5+8)
# Java VM: OpenJDK 64-Bit Server VM Temurin-17.0.5+8 (17.0.5+8, mixed mode, sharing, tiered, compressed oops, compressed class ptrs, g1 gc, windows-amd64)
GC Precious Log:
 CPUs: 8 total, 8 available
 Memory: 14293M
 Large Page Support: Disabled
 NUMA Support: Disabled
 Compressed Oops: Enabled (Zero based)
 Heap Region Size: 2M
 Heap Min Capacity: 8M
 Heap Initial Capacity: 224M
 Heap Max Capacity: 3574M
 Pre-touch: Disabled
 Parallel Workers: 8
 Concurrent Workers: 2
 Concurrent Refinement Workers: 8
 Periodic GC: Disabled
Heap:
 garbage-first heap   total 317440K, used 188101K [0x0000000720a00000, 0x0000000800000000)
  region size 2048K, 13 young (26624K), 1 survivors (2048K)
 Metaspace       used 65370K, committed 66560K, reserved 1105920K
  class space    used 9947K, committed 10432K, reserved 1048576K
GC Heap History (20 events):
Event: 19.819 GC heap before
{Heap before GC invocations=15 (full 0):
 garbage-first heap   total 239616K, used 146172K [0x0000000720a00000, 0x0000000800000000)
  region size 2048K, 33 young (67584K), 5 survivors (10240K)
 Metaspace       used 35180K, committed 36096K, reserved 1081344K
  class space    used 4413K, committed 4864K, reserved 1048576K
}
Event: 19.829 GC heap after
{Heap after GC invocations=16 (full 0):
 garbage-first heap   total 239616K, used 92672K [0x0000000720a00000, 0x0000000800000000)
  region size 2048K, 5 young (10240K), 5 survivors (10240K)
 Metaspace       used 35180K, committed 36096K, reserved 1081344K
  class space    used 4413K, committed 4864K, reserved 1048576K
}
Event: 21.907 GC heap before
{Heap before GC invocations=17 (full 0):
 garbage-first heap   total 239616K, used 199168K [0x0000000720a00000, 0x0000000800000000)
  region size 2048K, 57 young (116736K), 5 survivors (10240K)
 Metaspace       used 40426K, committed 41472K, reserved 1089536K
  class space    used 5372K, committed 5824K, reserved 1048576K
}
Event: 21.921 GC heap after
{Heap after GC invocations=18 (full 0):
 garbage-first heap   total 239616K, used 98227K [0x0000000720a00000, 0x0000000800000000)
  region size 2048K, 7 young (14336K), 7 survivors (14336K)
 Metaspace       used 40426K, committed 41472K, reserved 1089536K
  class space    used 5372K, committed 5824K, reserved 1048576K
}
Event: 22.699 GC heap before
{Heap before GC invocations=18 (full 0):
 garbage-first heap   total 239616K, used 198579K [0x0000000720a00000, 0x0000000800000000)
  region size 2048K, 56 young (114688K), 7 survivors (14336K)
 Metaspace       used 41484K, committed 42496K, reserved 1089536K
  class space    used 5537K, committed 6016K, reserved 1048576K
}
Event: 22.721 GC heap after
{Heap after GC invocations=19 (full 0):
 garbage-first heap   total 239616K, used 107364K [0x0000000720a00000, 0x0000000800000000)
  region size 2048K, 7 young (14336K), 7 survivors (14336K)
 Metaspace       used 41484K, committed 42496K, reserved 1089536K
  class space    used 5537K, committed 6016K, reserved 1048576K
}
Event: 23.071 GC heap before
{Heap before GC invocations=19 (full 0):
 garbage-first heap   total 239616K, used 195428K [0x0000000720a00000, 0x0000000800000000)
  region size 2048K, 50 young (102400K), 7 survivors (14336K)
 Metaspace       used 41713K, committed 42688K, reserved 1089536K
  class space    used 5581K, committed 6016K, reserved 1048576K
}
Event: 23.096 GC heap after
{Heap after GC invocations=20 (full 0):
 garbage-first heap   total 239616K, used 118236K [0x0000000720a00000, 0x0000000800000000)
  region size 2048K, 5 young (10240K), 5 survivors (10240K)
 Metaspace       used 41713K, committed 42688K, reserved 1089536K
  class space    used 5581K, committed 6016K, reserved 1048576K
}
Event: 23.441 GC heap before
{Heap before GC invocations=20 (full 0):
 garbage-first heap   total 239616K, used 196060K [0x0000000720a00000, 0x0000000800000000)
  region size 2048K, 43 young (88064K), 5 survivors (10240K)
 Metaspace       used 42214K, committed 43200K, reserved 1089536K
  class space    used 5647K, committed 6080K, reserved 1048576K
}
Event: 23.458 GC heap after
{Heap after GC invocations=21 (full 0):
 garbage-first heap   total 317440K, used 126418K [0x0000000720a00000, 0x0000000800000000)
  region size 2048K, 4 young (8192K), 4 survivors (8192K)
 Metaspace       used 42214K, committed 43200K, reserved 1089536K
  class space    used 5647K, committed 6080K, reserved 1048576K
}
Event: 26.267 GC heap before
{Heap before GC invocations=22 (full 0):
 garbage-first heap   total 317440K, used 253394K [0x0000000720a00000, 0x0000000800000000)
  region size 2048K, 66 young (135168K), 4 survivors (8192K)
 Metaspace       used 47277K, committed 48320K, reserved 1097728K
  class space    used 6447K, committed 6912K, reserved 1048576K
}
Event: 26.287 GC heap after
{Heap after GC invocations=23 (full 0):
 garbage-first heap   total 317440K, used 145259K [0x0000000720a00000, 0x0000000800000000)
  region size 2048K, 9 young (18432K), 9 survivors (18432K)
 Metaspace       used 47277K, committed 48320K, reserved 1097728K
  class space    used 6447K, committed 6912K, reserved 1048576K
}
Event: 29.813 GC heap before
{Heap before GC invocations=23 (full 0):
 garbage-first heap   total 317440K, used 249707K [0x0000000720a00000, 0x0000000800000000)
  region size 2048K, 60 young (122880K), 9 survivors (18432K)
 Metaspace       used 54884K, committed 55936K, reserved 1097728K
  class space    used 8160K, committed 8640K, reserved 1048576K
}
Event: 29.832 GC heap after
{Heap after GC invocations=24 (full 0):
 garbage-first heap   total 317440K, used 155545K [0x0000000720a00000, 0x0000000800000000)
  region size 2048K, 5 young (10240K), 5 survivors (10240K)
 Metaspace       used 54884K, committed 55936K, reserved 1097728K
  class space    used 8160K, committed 8640K, reserved 1048576K
}
Event: 31.708 GC heap before
{Heap before GC invocations=24 (full 0):
 garbage-first heap   total 317440K, used 251801K [0x0000000720a00000, 0x0000000800000000)
  region size 2048K, 52 young (106496K), 5 survivors (10240K)
 Metaspace       used 58730K, committed 59840K, reserved 1105920K
  class space    used 8882K, committed 9344K, reserved 1048576K
}
Event: 31.720 GC heap after
{Heap after GC invocations=25 (full 0):
 garbage-first heap   total 317440K, used 160598K [0x0000000720a00000, 0x0000000800000000)
  region size 2048K, 3 young (6144K), 3 survivors (6144K)
 Metaspace       used 58730K, committed 59840K, reserved 1105920K
  class space    used 8882K, committed 9344K, reserved 1048576K
}
Event: 34.059 GC heap before
{Heap before GC invocations=26 (full 0):
 garbage-first heap   total 317440K, used 256854K [0x0000000720a00000, 0x0000000800000000)
  region size 2048K, 50 young (102400K), 3 survivors (6144K)
 Metaspace       used 64299K, committed 65472K, reserved 1105920K
  class space    used 9734K, committed 10240K, reserved 1048576K
}
Event: 34.069 GC heap after
{Heap after GC invocations=27 (full 0):
 garbage-first heap   total 317440K, used 165601K [0x0000000720a00000, 0x0000000800000000)
  region size 2048K, 6 young (12288K), 6 survivors (12288K)
 Metaspace       used 64299K, committed 65472K, reserved 1105920K
  class space    used 9734K, committed 10240K, reserved 1048576K
}
Event: 34.117 GC heap before
{Heap before GC invocations=27 (full 0):
 garbage-first heap   total 317440K, used 167649K [0x0000000720a00000, 0x0000000800000000)
  region size 2048K, 7 young (14336K), 6 survivors (12288K)
 Metaspace       used 64339K, committed 65472K, reserved 1105920K
  class space    used 9748K, committed 10240K, reserved 1048576K
}
Event: 34.126 GC heap after
{Heap after GC invocations=28 (full 0):
 garbage-first heap   total 317440K, used 165573K [0x0000000720a00000, 0x0000000800000000)
  region size 2048K, 1 young (2048K), 1 survivors (2048K)
 Metaspace       used 64339K, committed 65472K, reserved 1105920K
  class space    used 9748K, committed 10240K, reserved 1048576K
}

