# JRE version: OpenJDK Runtime Environment Temurin-17.0.5+8 (17.0.5+8) (build 17.0.5+8)
# Java VM: OpenJDK 64-Bit Server VM Temurin-17.0.5+8 (17.0.5+8, mixed mode, sharing, tiered, compressed oops, compressed class ptrs, g1 gc, windows-amd64)
GC Precious Log:
 CPUs: 8 total, 8 available
 Memory: 14293M
 Large Page Support: Disabled
 NUMA Support: Disabled
 Compressed Oops: Enabled (Zero based)
 Heap Region Size: 2M
 Heap Min Capacity: 8M
 Heap Initial Capacity: 224M
 Heap Max Capacity: 3574M
 Pre-touch: Disabled
 Parallel Workers: 8
 Concurrent Workers: 2
 Concurrent Refinement Workers: 8
 Periodic GC: Disabled
Heap:
 garbage-first heap   total 321536K, used 171305K [0x0000000720a00000, 0x0000000800000000)
  region size 2048K, 11 young (22528K), 7 survivors (14336K)
 Metaspace       used 65473K, committed 66624K, reserved 1105920K
  class space    used 9950K, committed 10432K, reserved 1048576K
GC Heap History (20 events):
Event: 9.303 GC heap before
{Heap before GC invocations=12 (full 0):
 garbage-first heap   total 204800K, used 161123K [0x0000000720a00000, 0x0000000800000000)
  region size 2048K, 45 young (92160K), 1 survivors (2048K)
 Metaspace       used 26904K, committed 27648K, reserved 1073152K
  class space    used 3341K, committed 3648K, reserved 1048576K
}
Event: 9.310 GC heap after
{Heap after GC invocations=13 (full 0):
 garbage-first heap   total 409600K, used 71367K [0x0000000720a00000, 0x0000000800000000)
  region size 2048K, 2 young (4096K), 2 survivors (4096K)
 Metaspace       used 26904K, committed 27648K, reserved 1073152K
  class space    used 3341K, committed 3648K, reserved 1048576K
}
Event: 11.342 GC heap before
{Heap before GC invocations=13 (full 0):
 garbage-first heap   total 409600K, used 325319K [0x0000000720a00000, 0x0000000800000000)
  region size 2048K, 120 young (245760K), 2 survivors (4096K)
 Metaspace       used 31462K, committed 32320K, reserved 1081344K
  class space    used 3978K, committed 4352K, reserved 1048576K
}
Event: 11.349 GC heap after
{Heap after GC invocations=14 (full 0):
 garbage-first heap   total 409600K, used 87674K [0x0000000720a00000, 0x0000000800000000)
  region size 2048K, 4 young (8192K), 4 survivors (8192K)
 Metaspace       used 31462K, committed 32320K, reserved 1081344K
  class space    used 3978K, committed 4352K, reserved 1048576K
}
Event: 12.742 GC heap before
{Heap before GC invocations=14 (full 0):
 garbage-first heap   total 409600K, used 302714K [0x0000000720a00000, 0x0000000800000000)
  region size 2048K, 110 young (225280K), 4 survivors (8192K)
 Metaspace       used 35080K, committed 35968K, reserved 1081344K
  class space    used 4377K, committed 4800K, reserved 1048576K
}
Event: 12.749 GC heap after
{Heap after GC invocations=15 (full 0):
 garbage-first heap   total 409600K, used 91466K [0x0000000720a00000, 0x0000000800000000)
  region size 2048K, 5 young (10240K), 5 survivors (10240K)
 Metaspace       used 35080K, committed 35968K, reserved 1081344K
  class space    used 4377K, committed 4800K, reserved 1048576K
}
Event: 14.580 GC heap before
{Heap before GC invocations=16 (full 0):
 garbage-first heap   total 321536K, used 271690K [0x0000000720a00000, 0x0000000800000000)
  region size 2048K, 94 young (192512K), 5 survivors (10240K)
 Metaspace       used 41317K, committed 42304K, reserved 1089536K
  class space    used 5493K, committed 5952K, reserved 1048576K
}
Event: 14.598 GC heap after
{Heap after GC invocations=17 (full 0):
 garbage-first heap   total 321536K, used 103740K [0x0000000720a00000, 0x0000000800000000)
  region size 2048K, 11 young (22528K), 11 survivors (22528K)
 Metaspace       used 41317K, committed 42304K, reserved 1089536K
  class space    used 5493K, committed 5952K, reserved 1048576K
}
Event: 15.093 GC heap before
{Heap before GC invocations=17 (full 0):
 garbage-first heap   total 321536K, used 263484K [0x0000000720a00000, 0x0000000800000000)
  region size 2048K, 89 young (182272K), 11 survivors (22528K)
 Metaspace       used 41930K, committed 42880K, reserved 1089536K
  class space    used 5592K, committed 6016K, reserved 1048576K
}
Event: 15.125 GC heap after
{Heap after GC invocations=18 (full 0):
 garbage-first heap   total 321536K, used 120446K [0x0000000720a00000, 0x0000000800000000)
  region size 2048K, 9 young (18432K), 9 survivors (18432K)
 Metaspace       used 41930K, committed 42880K, reserved 1089536K
  class space    used 5592K, committed 6016K, reserved 1048576K
}
Event: 16.196 GC heap before
{Heap before GC invocations=18 (full 0):
 garbage-first heap   total 321536K, used 257662K [0x0000000720a00000, 0x0000000800000000)
  region size 2048K, 76 young (155648K), 9 survivors (18432K)
 Metaspace       used 46673K, committed 47680K, reserved 1097728K
  class space    used 6302K, committed 6784K, reserved 1048576K
}
Event: 16.214 GC heap after
{Heap after GC invocations=19 (full 0):
 garbage-first heap   total 321536K, used 132345K [0x0000000720a00000, 0x0000000800000000)
  region size 2048K, 6 young (12288K), 6 survivors (12288K)
 Metaspace       used 46673K, committed 47680K, reserved 1097728K
  class space    used 6302K, committed 6784K, reserved 1048576K
}
Event: 18.004 GC heap before
{Heap before GC invocations=19 (full 0):
 garbage-first heap   total 321536K, used 259321K [0x0000000720a00000, 0x0000000800000000)
  region size 2048K, 68 young (139264K), 6 survivors (12288K)
 Metaspace       used 54653K, committed 55680K, reserved 1097728K
  class space    used 8089K, committed 8576K, reserved 1048576K
}
Event: 18.024 GC heap after
{Heap after GC invocations=20 (full 0):
 garbage-first heap   total 321536K, used 151410K [0x0000000720a00000, 0x0000000800000000)
  region size 2048K, 9 young (18432K), 9 survivors (18432K)
 Metaspace       used 54653K, committed 55680K, reserved 1097728K
  class space    used 8089K, committed 8576K, reserved 1048576K
}
Event: 19.233 GC heap before
{Heap before GC invocations=20 (full 0):
 garbage-first heap   total 321536K, used 257906K [0x0000000720a00000, 0x0000000800000000)
  region size 2048K, 61 young (124928K), 9 survivors (18432K)
 Metaspace       used 59209K, committed 60288K, reserved 1105920K
  class space    used 8938K, committed 9408K, reserved 1048576K
}
Event: 19.248 GC heap after
{Heap after GC invocations=21 (full 0):
 garbage-first heap   total 321536K, used 159484K [0x0000000720a00000, 0x0000000800000000)
  region size 2048K, 4 young (8192K), 4 survivors (8192K)
 Metaspace       used 59209K, committed 60288K, reserved 1105920K
  class space    used 8938K, committed 9408K, reserved 1048576K
}
Event: 19.272 GC heap before
{Heap before GC invocations=21 (full 0):
 garbage-first heap   total 321536K, used 159484K [0x0000000720a00000, 0x0000000800000000)
  region size 2048K, 5 young (10240K), 4 survivors (8192K)
 Metaspace       used 59297K, committed 60416K, reserved 1105920K
  class space    used 8955K, committed 9408K, reserved 1048576K
}
Event: 19.277 GC heap after
{Heap after GC invocations=22 (full 0):
 garbage-first heap   total 321536K, used 158313K [0x0000000720a00000, 0x0000000800000000)
  region size 2048K, 3 young (6144K), 3 survivors (6144K)
 Metaspace       used 59297K, committed 60416K, reserved 1105920K
  class space    used 8955K, committed 9408K, reserved 1048576K
}
Event: 20.872 GC heap before
{Heap before GC invocations=23 (full 0):
 garbage-first heap   total 321536K, used 266857K [0x0000000720a00000, 0x0000000800000000)
  region size 2048K, 56 young (114688K), 3 survivors (6144K)
 Metaspace       used 64799K, committed 65920K, reserved 1105920K
  class space    used 9827K, committed 10304K, reserved 1048576K
}
Event: 20.883 GC heap after
{Heap after GC invocations=24 (full 0):
 garbage-first heap   total 321536K, used 165161K [0x0000000720a00000, 0x0000000800000000)
  region size 2048K, 7 young (14336K), 7 survivors (14336K)
 Metaspace       used 64799K, committed 65920K, reserved 1105920K
  class space    used 9827K, committed 10304K, reserved 1048576K
}

