# JRE version: OpenJDK Runtime Environment Temurin-17.0.5+8 (17.0.5+8) (build 17.0.5+8)
# Java VM: OpenJDK 64-Bit Server VM Temurin-17.0.5+8 (17.0.5+8, mixed mode, sharing, tiered, compressed oops, compressed class ptrs, g1 gc, windows-amd64)
GC Precious Log:
 CPUs: 8 total, 8 available
 Memory: 14293M
 Large Page Support: Disabled
 NUMA Support: Disabled
 Compressed Oops: Enabled (Zero based)
 Heap Region Size: 2M
 Heap Min Capacity: 8M
 Heap Initial Capacity: 224M
 Heap Max Capacity: 3574M
 Pre-touch: Disabled
 Parallel Workers: 8
 Concurrent Workers: 2
 Concurrent Refinement Workers: 8
 Periodic GC: Disabled
Heap:
 garbage-first heap   total 356352K, used 270900K [0x0000000720a00000, 0x0000000800000000)
  region size 2048K, 61 young (124928K), 4 survivors (8192K)
 Metaspace       used 65452K, committed 66560K, reserved 1105920K
  class space    used 9949K, committed 10432K, reserved 1048576K
GC Heap History (20 events):
Event: 10.626 GC heap before
{Heap before GC invocations=14 (full 0):
 garbage-first heap   total 245760K, used 203782K [0x0000000720a00000, 0x0000000800000000)
  region size 2048K, 60 young (122880K), 3 survivors (6144K)
 Metaspace       used 31462K, committed 32320K, reserved 1081344K
  class space    used 3981K, committed 4352K, reserved 1048576K
}
Event: 10.634 GC heap after
{Heap after GC invocations=15 (full 0):
 garbage-first heap   total 245760K, used 89976K [0x0000000720a00000, 0x0000000800000000)
  region size 2048K, 5 young (10240K), 5 survivors (10240K)
 Metaspace       used 31462K, committed 32320K, reserved 1081344K
  class space    used 3981K, committed 4352K, reserved 1048576K
}
Event: 11.228 GC heap before
{Heap before GC invocations=15 (full 0):
 garbage-first heap   total 245760K, used 204664K [0x0000000720a00000, 0x0000000800000000)
  region size 2048K, 61 young (124928K), 5 survivors (10240K)
 Metaspace       used 33755K, committed 34624K, reserved 1081344K
  class space    used 4193K, committed 4608K, reserved 1048576K
}
Event: 11.234 GC heap after
{Heap after GC invocations=16 (full 0):
 garbage-first heap   total 245760K, used 91166K [0x0000000720a00000, 0x0000000800000000)
  region size 2048K, 5 young (10240K), 5 survivors (10240K)
 Metaspace       used 33755K, committed 34624K, reserved 1081344K
  class space    used 4193K, committed 4608K, reserved 1048576K
}
Event: 11.547 GC heap before
{Heap before GC invocations=16 (full 0):
 garbage-first heap   total 245760K, used 113694K [0x0000000720a00000, 0x0000000800000000)
  region size 2048K, 17 young (34816K), 5 survivors (10240K)
 Metaspace       used 35033K, committed 35968K, reserved 1081344K
  class space    used 4373K, committed 4800K, reserved 1048576K
}
Event: 11.554 GC heap after
{Heap after GC invocations=17 (full 0):
 garbage-first heap   total 245760K, used 92005K [0x0000000720a00000, 0x0000000800000000)
  region size 2048K, 5 young (10240K), 5 survivors (10240K)
 Metaspace       used 35033K, committed 35968K, reserved 1081344K
  class space    used 4373K, committed 4800K, reserved 1048576K
}
Event: 12.850 GC heap before
{Heap before GC invocations=18 (full 0):
 garbage-first heap   total 245760K, used 200549K [0x0000000720a00000, 0x0000000800000000)
  region size 2048K, 58 young (118784K), 5 survivors (10240K)
 Metaspace       used 40508K, committed 41472K, reserved 1089536K
  class space    used 5372K, committed 5824K, reserved 1048576K
}
Event: 12.864 GC heap after
{Heap after GC invocations=19 (full 0):
 garbage-first heap   total 245760K, used 98201K [0x0000000720a00000, 0x0000000800000000)
  region size 2048K, 8 young (16384K), 8 survivors (16384K)
 Metaspace       used 40508K, committed 41472K, reserved 1089536K
  class space    used 5372K, committed 5824K, reserved 1048576K
}
Event: 13.331 GC heap before
{Heap before GC invocations=19 (full 0):
 garbage-first heap   total 245760K, used 200601K [0x0000000720a00000, 0x0000000800000000)
  region size 2048K, 58 young (118784K), 8 survivors (16384K)
 Metaspace       used 41591K, committed 42624K, reserved 1089536K
  class space    used 5540K, committed 6016K, reserved 1048576K
}
Event: 13.352 GC heap after
{Heap after GC invocations=20 (full 0):
 garbage-first heap   total 245760K, used 107343K [0x0000000720a00000, 0x0000000800000000)
  region size 2048K, 8 young (16384K), 8 survivors (16384K)
 Metaspace       used 41591K, committed 42624K, reserved 1089536K
  class space    used 5540K, committed 6016K, reserved 1048576K
}
Event: 13.563 GC heap before
{Heap before GC invocations=20 (full 0):
 garbage-first heap   total 245760K, used 199503K [0x0000000720a00000, 0x0000000800000000)
  region size 2048K, 53 young (108544K), 8 survivors (16384K)
 Metaspace       used 41797K, committed 42752K, reserved 1089536K
  class space    used 5578K, committed 6016K, reserved 1048576K
}
Event: 13.590 GC heap after
{Heap after GC invocations=21 (full 0):
 garbage-first heap   total 245760K, used 118640K [0x0000000720a00000, 0x0000000800000000)
  region size 2048K, 6 young (12288K), 6 survivors (12288K)
 Metaspace       used 41797K, committed 42752K, reserved 1089536K
  class space    used 5578K, committed 6016K, reserved 1048576K
}
Event: 13.849 GC heap before
{Heap before GC invocations=21 (full 0):
 garbage-first heap   total 245760K, used 198512K [0x0000000720a00000, 0x0000000800000000)
  region size 2048K, 45 young (92160K), 6 survivors (12288K)
 Metaspace       used 42414K, committed 43392K, reserved 1089536K
  class space    used 5659K, committed 6080K, reserved 1048576K
}
Event: 13.865 GC heap after
{Heap after GC invocations=22 (full 0):
 garbage-first heap   total 356352K, used 127616K [0x0000000720a00000, 0x0000000800000000)
  region size 2048K, 5 young (10240K), 5 survivors (10240K)
 Metaspace       used 42414K, committed 43392K, reserved 1089536K
  class space    used 5659K, committed 6080K, reserved 1048576K
}
Event: 15.601 GC heap before
{Heap before GC invocations=22 (full 0):
 garbage-first heap   total 356352K, used 277120K [0x0000000720a00000, 0x0000000800000000)
  region size 2048K, 78 young (159744K), 5 survivors (10240K)
 Metaspace       used 49296K, committed 50304K, reserved 1097728K
  class space    used 6857K, committed 7296K, reserved 1048576K
}
Event: 15.620 GC heap after
{Heap after GC invocations=23 (full 0):
 garbage-first heap   total 356352K, used 149679K [0x0000000720a00000, 0x0000000800000000)
  region size 2048K, 10 young (20480K), 10 survivors (20480K)
 Metaspace       used 49296K, committed 50304K, reserved 1097728K
  class space    used 6857K, committed 7296K, reserved 1048576K
}
Event: 17.211 GC heap before
{Heap before GC invocations=23 (full 0):
 garbage-first heap   total 356352K, used 274607K [0x0000000720a00000, 0x0000000800000000)
  region size 2048K, 71 young (145408K), 10 survivors (20480K)
 Metaspace       used 57100K, committed 58240K, reserved 1105920K
  class space    used 8525K, committed 9024K, reserved 1048576K
}
Event: 17.229 GC heap after
{Heap after GC invocations=24 (full 0):
 garbage-first heap   total 356352K, used 157448K [0x0000000720a00000, 0x0000000800000000)
  region size 2048K, 4 young (8192K), 4 survivors (8192K)
 Metaspace       used 57100K, committed 58240K, reserved 1105920K
  class space    used 8525K, committed 9024K, reserved 1048576K
}
Event: 17.711 GC heap before
{Heap before GC invocations=24 (full 0):
 garbage-first heap   total 356352K, used 202504K [0x0000000720a00000, 0x0000000800000000)
  region size 2048K, 27 young (55296K), 4 survivors (8192K)
 Metaspace       used 59233K, committed 60288K, reserved 1105920K
  class space    used 8950K, committed 9408K, reserved 1048576K
}
Event: 17.718 GC heap after
{Heap after GC invocations=25 (full 0):
 garbage-first heap   total 356352K, used 158260K [0x0000000720a00000, 0x0000000800000000)
  region size 2048K, 4 young (8192K), 4 survivors (8192K)
 Metaspace       used 59233K, committed 60288K, reserved 1105920K
  class space    used 8950K, committed 9408K, reserved 1048576K
}

