# JRE version: OpenJDK Runtime Environment Temurin-17.0.6+10 (17.0.6+10) (build 17.0.6+10)
# Java VM: OpenJDK 64-Bit Server VM Temurin-17.0.6+10 (17.0.6+10, mixed mode, sharing, tiered, compressed oops, compressed class ptrs, g1 gc, windows-amd64)
GC Precious Log:
 CPUs: 8 total, 8 available
 Memory: 14293M
 Large Page Support: Disabled
 NUMA Support: Disabled
 Compressed Oops: Enabled (Zero based)
 Heap Region Size: 2M
 Heap Min Capacity: 8M
 Heap Initial Capacity: 224M
 Heap Max Capacity: 3574M
 Pre-touch: Disabled
 Parallel Workers: 8
 Concurrent Workers: 2
 Concurrent Refinement Workers: 8
 Periodic GC: Disabled
Heap:
 garbage-first heap   total 327680K, used 211894K [0x0000000720a00000, 0x0000000800000000)
  region size 2048K, 28 young (57344K), 4 survivors (8192K)
 Metaspace       used 71169K, committed 72320K, reserved 1114112K
  class space    used 9940K, committed 10432K, reserved 1048576K
GC Heap History (20 events):
Event: 22.128 GC heap before
{Heap before GC invocations=18 (full 0):
 garbage-first heap   total 245760K, used 205323K [0x0000000720a00000, 0x0000000800000000)
  region size 2048K, 61 young (124928K), 6 survivors (12288K)
 Metaspace       used 41562K, committed 42560K, reserved 1089536K
  class space    used 5359K, committed 5824K, reserved 1048576K
}
Event: 22.146 GC heap after
{Heap after GC invocations=19 (full 0):
 garbage-first heap   total 245760K, used 98201K [0x0000000720a00000, 0x0000000800000000)
  region size 2048K, 7 young (14336K), 7 survivors (14336K)
 Metaspace       used 41562K, committed 42560K, reserved 1089536K
  class space    used 5359K, committed 5824K, reserved 1048576K
}
Event: 22.944 GC heap before
{Heap before GC invocations=19 (full 0):
 garbage-first heap   total 245760K, used 204697K [0x0000000720a00000, 0x0000000800000000)
  region size 2048K, 59 young (120832K), 7 survivors (14336K)
 Metaspace       used 42871K, committed 43776K, reserved 1089536K
  class space    used 5530K, committed 5952K, reserved 1048576K
}
Event: 22.969 GC heap after
{Heap after GC invocations=20 (full 0):
 garbage-first heap   total 245760K, used 108185K [0x0000000720a00000, 0x0000000800000000)
  region size 2048K, 8 young (16384K), 8 survivors (16384K)
 Metaspace       used 42871K, committed 43776K, reserved 1089536K
  class space    used 5530K, committed 5952K, reserved 1048576K
}
Event: 23.322 GC heap before
{Heap before GC invocations=20 (full 0):
 garbage-first heap   total 245760K, used 200345K [0x0000000720a00000, 0x0000000800000000)
  region size 2048K, 53 young (108544K), 8 survivors (16384K)
 Metaspace       used 43150K, committed 44096K, reserved 1089536K
  class space    used 5568K, committed 6016K, reserved 1048576K
}
Event: 23.348 GC heap after
{Heap after GC invocations=21 (full 0):
 garbage-first heap   total 245760K, used 119634K [0x0000000720a00000, 0x0000000800000000)
  region size 2048K, 6 young (12288K), 6 survivors (12288K)
 Metaspace       used 43150K, committed 44096K, reserved 1089536K
  class space    used 5568K, committed 6016K, reserved 1048576K
}
Event: 23.782 GC heap before
{Heap before GC invocations=21 (full 0):
 garbage-first heap   total 245760K, used 199506K [0x0000000720a00000, 0x0000000800000000)
  region size 2048K, 45 young (92160K), 6 survivors (12288K)
 Metaspace       used 43902K, committed 44864K, reserved 1089536K
  class space    used 5647K, committed 6080K, reserved 1048576K
}
Event: 23.797 GC heap after
{Heap after GC invocations=22 (full 0):
 garbage-first heap   total 245760K, used 128506K [0x0000000720a00000, 0x0000000800000000)
  region size 2048K, 5 young (10240K), 5 survivors (10240K)
 Metaspace       used 43902K, committed 44864K, reserved 1089536K
  class space    used 5647K, committed 6080K, reserved 1048576K
}
Event: 25.144 GC heap before
{Heap before GC invocations=22 (full 0):
 garbage-first heap   total 245760K, used 200186K [0x0000000720a00000, 0x0000000800000000)
  region size 2048K, 40 young (81920K), 5 survivors (10240K)
 Metaspace       used 47219K, committed 48192K, reserved 1097728K
  class space    used 6095K, committed 6528K, reserved 1048576K
}
Event: 25.156 GC heap after
{Heap after GC invocations=23 (full 0):
 garbage-first heap   total 245760K, used 132829K [0x0000000720a00000, 0x0000000800000000)
  region size 2048K, 3 young (6144K), 3 survivors (6144K)
 Metaspace       used 47219K, committed 48192K, reserved 1097728K
  class space    used 6095K, committed 6528K, reserved 1048576K
}
Event: 27.248 GC heap before
{Heap before GC invocations=24 (full 0):
 garbage-first heap   total 245760K, used 200413K [0x0000000720a00000, 0x0000000800000000)
  region size 2048K, 36 young (73728K), 3 survivors (6144K)
 Metaspace       used 50490K, committed 51520K, reserved 1097728K
  class space    used 6582K, committed 7040K, reserved 1048576K
}
Event: 27.268 GC heap after
{Heap after GC invocations=25 (full 0):
 garbage-first heap   total 245760K, used 151169K [0x0000000720a00000, 0x0000000800000000)
  region size 2048K, 5 young (10240K), 5 survivors (10240K)
 Metaspace       used 50490K, committed 51520K, reserved 1097728K
  class space    used 6582K, committed 7040K, reserved 1048576K
}
Event: 28.454 GC heap before
{Heap before GC invocations=25 (full 0):
 garbage-first heap   total 245760K, used 194177K [0x0000000720a00000, 0x0000000800000000)
  region size 2048K, 26 young (53248K), 5 survivors (10240K)
 Metaspace       used 54758K, committed 55744K, reserved 1097728K
  class space    used 7437K, committed 7872K, reserved 1048576K
}
Event: 28.469 GC heap after
{Heap after GC invocations=26 (full 0):
 garbage-first heap   total 327680K, used 153736K [0x0000000720a00000, 0x0000000800000000)
  region size 2048K, 1 young (2048K), 1 survivors (2048K)
 Metaspace       used 54758K, committed 55744K, reserved 1097728K
  class space    used 7437K, committed 7872K, reserved 1048576K
}
Event: 31.538 GC heap before
{Heap before GC invocations=27 (full 0):
 garbage-first heap   total 327680K, used 260232K [0x0000000720a00000, 0x0000000800000000)
  region size 2048K, 53 young (108544K), 1 survivors (2048K)
 Metaspace       used 61572K, committed 62720K, reserved 1105920K
  class space    used 8517K, committed 9024K, reserved 1048576K
}
Event: 31.545 GC heap after
{Heap after GC invocations=28 (full 0):
 garbage-first heap   total 327680K, used 157891K [0x0000000720a00000, 0x0000000800000000)
  region size 2048K, 3 young (6144K), 3 survivors (6144K)
 Metaspace       used 61572K, committed 62720K, reserved 1105920K
  class space    used 8517K, committed 9024K, reserved 1048576K
}
Event: 31.635 GC heap before
{Heap before GC invocations=28 (full 0):
 garbage-first heap   total 327680K, used 168131K [0x0000000720a00000, 0x0000000800000000)
  region size 2048K, 8 young (16384K), 3 survivors (6144K)
 Metaspace       used 61602K, committed 62720K, reserved 1105920K
  class space    used 8522K, committed 9024K, reserved 1048576K
}
Event: 31.640 GC heap after
{Heap after GC invocations=29 (full 0):
 garbage-first heap   total 327680K, used 158160K [0x0000000720a00000, 0x0000000800000000)
  region size 2048K, 1 young (2048K), 1 survivors (2048K)
 Metaspace       used 61602K, committed 62720K, reserved 1105920K
  class space    used 8522K, committed 9024K, reserved 1048576K
}
Event: 33.943 GC heap before
{Heap before GC invocations=29 (full 0):
 garbage-first heap   total 327680K, used 264656K [0x0000000720a00000, 0x0000000800000000)
  region size 2048K, 53 young (108544K), 1 survivors (2048K)
 Metaspace       used 68821K, committed 69952K, reserved 1114112K
  class space    used 9489K, committed 9984K, reserved 1048576K
}
Event: 33.951 GC heap after
{Heap after GC invocations=30 (full 0):
 garbage-first heap   total 327680K, used 164790K [0x0000000720a00000, 0x0000000800000000)
  region size 2048K, 4 young (8192K), 4 survivors (8192K)
 Metaspace       used 68821K, committed 69952K, reserved 1114112K
  class space    used 9489K, committed 9984K, reserved 1048576K
}

