# JRE version: OpenJDK Runtime Environment Temurin-17.0.5+8 (17.0.5+8) (build 17.0.5+8)
# Java VM: OpenJDK 64-Bit Server VM Temurin-17.0.5+8 (17.0.5+8, mixed mode, sharing, tiered, compressed oops, compressed class ptrs, g1 gc, windows-amd64)
GC Precious Log:
 CPUs: 8 total, 8 available
 Memory: 14293M
 Large Page Support: Disabled
 NUMA Support: Disabled
 Compressed Oops: Enabled (Zero based)
 Heap Region Size: 2M
 Heap Min Capacity: 8M
 Heap Initial Capacity: 224M
 Heap Max Capacity: 3574M
 Pre-touch: Disabled
 Parallel Workers: 8
 Concurrent Workers: 2
 Concurrent Refinement Workers: 8
 Periodic GC: Disabled
Heap:
 garbage-first heap   total 382976K, used 226467K [0x0000000720a00000, 0x0000000800000000)
  region size 2048K, 39 young (79872K), 6 survivors (12288K)
 Metaspace       used 65587K, committed 66752K, reserved 1105920K
  class space    used 9944K, committed 10432K, reserved 1048576K
GC Heap History (20 events):
Event: 6.858 GC heap before
{Heap before GC invocations=13 (full 0):
 garbage-first heap   total 245760K, used 209918K [0x0000000720a00000, 0x0000000800000000)
  region size 2048K, 63 young (129024K), 2 survivors (4096K)
 Metaspace       used 31002K, committed 31808K, reserved 1081344K
  class space    used 3888K, committed 4224K, reserved 1048576K
}
Event: 6.864 GC heap after
{Heap after GC invocations=14 (full 0):
 garbage-first heap   total 245760K, used 86891K [0x0000000720a00000, 0x0000000800000000)
  region size 2048K, 3 young (6144K), 3 survivors (6144K)
 Metaspace       used 31002K, committed 31808K, reserved 1081344K
  class space    used 3888K, committed 4224K, reserved 1048576K
}
Event: 7.386 GC heap before
{Heap before GC invocations=14 (full 0):
 garbage-first heap   total 245760K, used 201579K [0x0000000720a00000, 0x0000000800000000)
  region size 2048K, 59 young (120832K), 3 survivors (6144K)
 Metaspace       used 31528K, committed 32384K, reserved 1081344K
  class space    used 3975K, committed 4352K, reserved 1048576K
}
Event: 7.393 GC heap after
{Heap after GC invocations=15 (full 0):
 garbage-first heap   total 245760K, used 89886K [0x0000000720a00000, 0x0000000800000000)
  region size 2048K, 5 young (10240K), 5 survivors (10240K)
 Metaspace       used 31528K, committed 32384K, reserved 1081344K
  class space    used 3975K, committed 4352K, reserved 1048576K
}
Event: 7.754 GC heap before
{Heap before GC invocations=15 (full 0):
 garbage-first heap   total 245760K, used 202526K [0x0000000720a00000, 0x0000000800000000)
  region size 2048K, 60 young (122880K), 5 survivors (10240K)
 Metaspace       used 33722K, committed 34624K, reserved 1081344K
  class space    used 4178K, committed 4608K, reserved 1048576K
}
Event: 7.761 GC heap after
{Heap after GC invocations=16 (full 0):
 garbage-first heap   total 245760K, used 91051K [0x0000000720a00000, 0x0000000800000000)
  region size 2048K, 5 young (10240K), 5 survivors (10240K)
 Metaspace       used 33722K, committed 34624K, reserved 1081344K
  class space    used 4178K, committed 4608K, reserved 1048576K
}
Event: 8.034 GC heap before
{Heap before GC invocations=16 (full 0):
 garbage-first heap   total 245760K, used 115627K [0x0000000720a00000, 0x0000000800000000)
  region size 2048K, 18 young (36864K), 5 survivors (10240K)
 Metaspace       used 35209K, committed 36160K, reserved 1081344K
  class space    used 4383K, committed 4800K, reserved 1048576K
}
Event: 8.042 GC heap after
{Heap after GC invocations=17 (full 0):
 garbage-first heap   total 294912K, used 92118K [0x0000000720a00000, 0x0000000800000000)
  region size 2048K, 5 young (10240K), 5 survivors (10240K)
 Metaspace       used 35209K, committed 36160K, reserved 1081344K
  class space    used 4383K, committed 4800K, reserved 1048576K
}
Event: 9.250 GC heap before
{Heap before GC invocations=18 (full 0):
 garbage-first heap   total 294912K, used 245718K [0x0000000720a00000, 0x0000000800000000)
  region size 2048K, 80 young (163840K), 5 survivors (10240K)
 Metaspace       used 40981K, committed 41920K, reserved 1089536K
  class space    used 5410K, committed 5824K, reserved 1048576K
}
Event: 9.267 GC heap after
{Heap after GC invocations=19 (full 0):
 garbage-first heap   total 294912K, used 102754K [0x0000000720a00000, 0x0000000800000000)
  region size 2048K, 10 young (20480K), 10 survivors (20480K)
 Metaspace       used 40981K, committed 41920K, reserved 1089536K
  class space    used 5410K, committed 5824K, reserved 1048576K
}
Event: 9.731 GC heap before
{Heap before GC invocations=19 (full 0):
 garbage-first heap   total 294912K, used 242018K [0x0000000720a00000, 0x0000000800000000)
  region size 2048K, 78 young (159744K), 10 survivors (20480K)
 Metaspace       used 41899K, committed 42880K, reserved 1089536K
  class space    used 5579K, committed 6016K, reserved 1048576K
}
Event: 9.755 GC heap after
{Heap after GC invocations=20 (full 0):
 garbage-first heap   total 294912K, used 117366K [0x0000000720a00000, 0x0000000800000000)
  region size 2048K, 8 young (16384K), 8 survivors (16384K)
 Metaspace       used 41899K, committed 42880K, reserved 1089536K
  class space    used 5579K, committed 6016K, reserved 1048576K
}
Event: 10.065 GC heap before
{Heap before GC invocations=20 (full 0):
 garbage-first heap   total 294912K, used 236150K [0x0000000720a00000, 0x0000000800000000)
  region size 2048K, 66 young (135168K), 8 survivors (16384K)
 Metaspace       used 42536K, committed 43456K, reserved 1089536K
  class space    used 5661K, committed 6080K, reserved 1048576K
}
Event: 10.084 GC heap after
{Heap after GC invocations=21 (full 0):
 garbage-first heap   total 294912K, used 129161K [0x0000000720a00000, 0x0000000800000000)
  region size 2048K, 6 young (12288K), 6 survivors (12288K)
 Metaspace       used 42536K, committed 43456K, reserved 1089536K
  class space    used 5661K, committed 6080K, reserved 1048576K
}
Event: 11.119 GC heap before
{Heap before GC invocations=21 (full 0):
 garbage-first heap   total 294912K, used 237705K [0x0000000720a00000, 0x0000000800000000)
  region size 2048K, 59 young (120832K), 6 survivors (12288K)
 Metaspace       used 48396K, committed 49408K, reserved 1097728K
  class space    used 6604K, committed 7040K, reserved 1048576K
}
Event: 11.136 GC heap after
{Heap after GC invocations=22 (full 0):
 garbage-first heap   total 294912K, used 149305K [0x0000000720a00000, 0x0000000800000000)
  region size 2048K, 8 young (16384K), 8 survivors (16384K)
 Metaspace       used 48396K, committed 49408K, reserved 1097728K
  class space    used 6604K, committed 7040K, reserved 1048576K
}
Event: 11.961 GC heap before
{Heap before GC invocations=22 (full 0):
 garbage-first heap   total 294912K, used 229177K [0x0000000720a00000, 0x0000000800000000)
  region size 2048K, 47 young (96256K), 8 survivors (16384K)
 Metaspace       used 54841K, committed 55936K, reserved 1097728K
  class space    used 8104K, committed 8576K, reserved 1048576K
}
Event: 11.973 GC heap after
{Heap after GC invocations=23 (full 0):
 garbage-first heap   total 382976K, used 153856K [0x0000000720a00000, 0x0000000800000000)
  region size 2048K, 2 young (4096K), 2 survivors (4096K)
 Metaspace       used 54841K, committed 55936K, reserved 1097728K
  class space    used 8104K, committed 8576K, reserved 1048576K
}
Event: 13.468 GC heap before
{Heap before GC invocations=24 (full 0):
 garbage-first heap   total 382976K, used 307456K [0x0000000720a00000, 0x0000000800000000)
  region size 2048K, 77 young (157696K), 2 survivors (4096K)
 Metaspace       used 62287K, committed 63424K, reserved 1105920K
  class space    used 9385K, committed 9856K, reserved 1048576K
}
Event: 13.478 GC heap after
{Heap after GC invocations=25 (full 0):
 garbage-first heap   total 382976K, used 160931K [0x0000000720a00000, 0x0000000800000000)
  region size 2048K, 6 young (12288K), 6 survivors (12288K)
 Metaspace       used 62287K, committed 63424K, reserved 1105920K
  class space    used 9385K, committed 9856K, reserved 1048576K
}

