# JRE version: Java(TM) SE Runtime Environment (17.0.6+9) (build 17.0.6+9-LTS-190)
# Java VM: Java HotSpot(TM) 64-Bit Server VM (17.0.6+9-LTS-190, mixed mode, sharing, tiered, compressed oops, compressed class ptrs, g1 gc, windows-amd64)
GC Precious Log:
 CPUs: 8 total, 8 available
 Memory: 14293M
 Large Page Support: Disabled
 NUMA Support: Disabled
 Compressed Oops: Enabled (Zero based)
 Heap Region Size: 2M
 Heap Min Capacity: 8M
 Heap Initial Capacity: 224M
 Heap Max Capacity: 3574M
 Pre-touch: Disabled
 Parallel Workers: 8
 Concurrent Workers: 2
 Concurrent Refinement Workers: 8
 Periodic GC: Disabled
Heap:
 garbage-first heap   total 317440K, used 170989K [0x0000000720a00000, 0x0000000800000000)
  region size 2048K, 4 young (8192K), 1 survivors (2048K)
 Metaspace       used 65591K, committed 66688K, reserved 1105920K
  class space    used 9955K, committed 10432K, reserved 1048576K
GC Heap History (20 events):
Event: 7.634 GC heap before
{Heap before GC invocations=14 (full 0):
 garbage-first heap   total 264192K, used 182782K [0x0000000720a00000, 0x0000000800000000)
  region size 2048K, 50 young (102400K), 4 survivors (8192K)
 Metaspace       used 35420K, committed 36288K, reserved 1081344K
  class space    used 4421K, committed 4800K, reserved 1048576K
}
Event: 7.641 GC heap after
{Heap after GC invocations=15 (full 0):
 garbage-first heap   total 264192K, used 92767K [0x0000000720a00000, 0x0000000800000000)
  region size 2048K, 5 young (10240K), 5 survivors (10240K)
 Metaspace       used 35420K, committed 36288K, reserved 1081344K
  class space    used 4421K, committed 4800K, reserved 1048576K
}
Event: 8.601 GC heap before
{Heap before GC invocations=16 (full 0):
 garbage-first heap   total 264192K, used 219743K [0x0000000720a00000, 0x0000000800000000)
  region size 2048K, 68 young (139264K), 5 survivors (10240K)
 Metaspace       used 40765K, committed 41792K, reserved 1089536K
  class space    used 5392K, committed 5888K, reserved 1048576K
}
Event: 8.614 GC heap after
{Heap after GC invocations=17 (full 0):
 garbage-first heap   total 264192K, used 100873K [0x0000000720a00000, 0x0000000800000000)
  region size 2048K, 9 young (18432K), 9 survivors (18432K)
 Metaspace       used 40765K, committed 41792K, reserved 1089536K
  class space    used 5392K, committed 5888K, reserved 1048576K
}
Event: 9.028 GC heap before
{Heap before GC invocations=17 (full 0):
 garbage-first heap   total 264192K, used 215561K [0x0000000720a00000, 0x0000000800000000)
  region size 2048K, 65 young (133120K), 9 survivors (18432K)
 Metaspace       used 41939K, committed 43008K, reserved 1089536K
  class space    used 5586K, committed 6080K, reserved 1048576K
}
Event: 9.054 GC heap after
{Heap after GC invocations=18 (full 0):
 garbage-first heap   total 264192K, used 112649K [0x0000000720a00000, 0x0000000800000000)
  region size 2048K, 9 young (18432K), 9 survivors (18432K)
 Metaspace       used 41939K, committed 43008K, reserved 1089536K
  class space    used 5586K, committed 6080K, reserved 1048576K
}
Event: 9.244 GC heap before
{Heap before GC invocations=18 (full 0):
 garbage-first heap   total 264192K, used 213001K [0x0000000720a00000, 0x0000000800000000)
  region size 2048K, 58 young (118784K), 9 survivors (18432K)
 Metaspace       used 42269K, committed 43264K, reserved 1089536K
  class space    used 5623K, committed 6080K, reserved 1048576K
}
Event: 9.273 GC heap after
{Heap after GC invocations=19 (full 0):
 garbage-first heap   total 317440K, used 123652K [0x0000000720a00000, 0x0000000800000000)
  region size 2048K, 5 young (10240K), 5 survivors (10240K)
 Metaspace       used 42269K, committed 43264K, reserved 1089536K
  class space    used 5623K, committed 6080K, reserved 1048576K
}
Event: 10.069 GC heap before
{Heap before GC invocations=19 (full 0):
 garbage-first heap   total 317440K, used 256772K [0x0000000720a00000, 0x0000000800000000)
  region size 2048K, 70 young (143360K), 5 survivors (10240K)
 Metaspace       used 46931K, committed 47936K, reserved 1097728K
  class space    used 6319K, committed 6784K, reserved 1048576K
}
Event: 10.086 GC heap after
{Heap after GC invocations=20 (full 0):
 garbage-first heap   total 317440K, used 138438K [0x0000000720a00000, 0x0000000800000000)
  region size 2048K, 9 young (18432K), 9 survivors (18432K)
 Metaspace       used 46931K, committed 47936K, reserved 1097728K
  class space    used 6319K, committed 6784K, reserved 1048576K
}
Event: 11.229 GC heap before
{Heap before GC invocations=20 (full 0):
 garbage-first heap   total 317440K, used 251078K [0x0000000720a00000, 0x0000000800000000)
  region size 2048K, 64 young (131072K), 9 survivors (18432K)
 Metaspace       used 54682K, committed 55744K, reserved 1097728K
  class space    used 8076K, committed 8576K, reserved 1048576K
}
Event: 11.248 GC heap after
{Heap after GC invocations=21 (full 0):
 garbage-first heap   total 317440K, used 153688K [0x0000000720a00000, 0x0000000800000000)
  region size 2048K, 8 young (16384K), 8 survivors (16384K)
 Metaspace       used 54682K, committed 55744K, reserved 1097728K
  class space    used 8076K, committed 8576K, reserved 1048576K
}
Event: 12.049 GC heap before
{Heap before GC invocations=21 (full 0):
 garbage-first heap   total 317440K, used 251992K [0x0000000720a00000, 0x0000000800000000)
  region size 2048K, 56 young (114688K), 8 survivors (16384K)
 Metaspace       used 58679K, committed 59840K, reserved 1105920K
  class space    used 8830K, committed 9344K, reserved 1048576K
}
Event: 12.059 GC heap after
{Heap after GC invocations=22 (full 0):
 garbage-first heap   total 317440K, used 159767K [0x0000000720a00000, 0x0000000800000000)
  region size 2048K, 4 young (8192K), 4 survivors (8192K)
 Metaspace       used 58679K, committed 59840K, reserved 1105920K
  class space    used 8830K, committed 9344K, reserved 1048576K
}
Event: 12.243 GC heap before
{Heap before GC invocations=22 (full 0):
 garbage-first heap   total 317440K, used 176151K [0x0000000720a00000, 0x0000000800000000)
  region size 2048K, 13 young (26624K), 4 survivors (8192K)
 Metaspace       used 59918K, committed 61056K, reserved 1105920K
  class space    used 9049K, committed 9536K, reserved 1048576K
}
Event: 12.248 GC heap after
{Heap after GC invocations=23 (full 0):
 garbage-first heap   total 317440K, used 159346K [0x0000000720a00000, 0x0000000800000000)
  region size 2048K, 3 young (6144K), 3 survivors (6144K)
 Metaspace       used 59918K, committed 61056K, reserved 1105920K
  class space    used 9049K, committed 9536K, reserved 1048576K
}
Event: 13.414 GC heap before
{Heap before GC invocations=24 (full 0):
 garbage-first heap   total 317440K, used 257650K [0x0000000720a00000, 0x0000000800000000)
  region size 2048K, 52 young (106496K), 3 survivors (6144K)
 Metaspace       used 65027K, committed 66176K, reserved 1105920K
  class space    used 9856K, committed 10368K, reserved 1048576K
}
Event: 13.424 GC heap after
{Heap after GC invocations=25 (full 0):
 garbage-first heap   total 317440K, used 165995K [0x0000000720a00000, 0x0000000800000000)
  region size 2048K, 7 young (14336K), 7 survivors (14336K)
 Metaspace       used 65027K, committed 66176K, reserved 1105920K
  class space    used 9856K, committed 10368K, reserved 1048576K
}
Event: 13.453 GC heap before
{Heap before GC invocations=25 (full 0):
 garbage-first heap   total 317440K, used 165995K [0x0000000720a00000, 0x0000000800000000)
  region size 2048K, 8 young (16384K), 7 survivors (14336K)
 Metaspace       used 65258K, committed 66432K, reserved 1105920K
  class space    used 9909K, committed 10432K, reserved 1048576K
}
Event: 13.459 GC heap after
{Heap after GC invocations=26 (full 0):
 garbage-first heap   total 317440K, used 166893K [0x0000000720a00000, 0x0000000800000000)
  region size 2048K, 1 young (2048K), 1 survivors (2048K)
 Metaspace       used 65258K, committed 66432K, reserved 1105920K
  class space    used 9909K, committed 10432K, reserved 1048576K
}

