# JRE version: OpenJDK Runtime Environment Temurin-17.0.5+8 (17.0.5+8) (build 17.0.5+8)
# Java VM: OpenJDK 64-Bit Server VM Temurin-17.0.5+8 (17.0.5+8, mixed mode, sharing, tiered, compressed oops, compressed class ptrs, g1 gc, windows-amd64)
GC Precious Log:
 CPUs: 8 total, 8 available
 Memory: 14293M
 Large Page Support: Disabled
 NUMA Support: Disabled
 Compressed Oops: Enabled (Zero based)
 Heap Region Size: 2M
 Heap Min Capacity: 8M
 Heap Initial Capacity: 224M
 Heap Max Capacity: 3574M
 Pre-touch: Disabled
 Parallel Workers: 8
 Concurrent Workers: 2
 Concurrent Refinement Workers: 8
 Periodic GC: Disabled
Heap:
 garbage-first heap   total 358400K, used 248456K [0x0000000720a00000, 0x0000000800000000)
  region size 2048K, 50 young (102400K), 4 survivors (8192K)
 Metaspace       used 71287K, committed 72448K, reserved 1114112K
  class space    used 9947K, committed 10432K, reserved 1048576K
GC Heap History (20 events):
Event: 9.734 GC heap before
{Heap before GC invocations=14 (full 0):
 garbage-first heap   total 245760K, used 214520K [0x0000000720a00000, 0x0000000800000000)
  region size 2048K, 66 young (135168K), 2 survivors (4096K)
 Metaspace       used 29822K, committed 30656K, reserved 1081344K
  class space    used 3732K, committed 4096K, reserved 1048576K
}
Event: 9.740 GC heap after
{Heap after GC invocations=15 (full 0):
 garbage-first heap   total 245760K, used 88330K [0x0000000720a00000, 0x0000000800000000)
  region size 2048K, 4 young (8192K), 4 survivors (8192K)
 Metaspace       used 29822K, committed 30656K, reserved 1081344K
  class space    used 3732K, committed 4096K, reserved 1048576K
}
Event: 10.151 GC heap before
{Heap before GC invocations=15 (full 0):
 garbage-first heap   total 245760K, used 205066K [0x0000000720a00000, 0x0000000800000000)
  region size 2048K, 61 young (124928K), 4 survivors (8192K)
 Metaspace       used 31122K, committed 31936K, reserved 1081344K
  class space    used 3916K, committed 4288K, reserved 1048576K
}
Event: 10.159 GC heap after
{Heap after GC invocations=16 (full 0):
 garbage-first heap   total 245760K, used 90700K [0x0000000720a00000, 0x0000000800000000)
  region size 2048K, 5 young (10240K), 5 survivors (10240K)
 Metaspace       used 31122K, committed 31936K, reserved 1081344K
  class space    used 3916K, committed 4288K, reserved 1048576K
}
Event: 11.694 GC heap before
{Heap before GC invocations=16 (full 0):
 garbage-first heap   total 245760K, used 176716K [0x0000000720a00000, 0x0000000800000000)
  region size 2048K, 48 young (98304K), 5 survivors (10240K)
 Metaspace       used 35184K, committed 36096K, reserved 1081344K
  class space    used 4316K, committed 4736K, reserved 1048576K
}
Event: 11.702 GC heap after
{Heap after GC invocations=17 (full 0):
 garbage-first heap   total 245760K, used 91928K [0x0000000720a00000, 0x0000000800000000)
  region size 2048K, 5 young (10240K), 5 survivors (10240K)
 Metaspace       used 35184K, committed 36096K, reserved 1081344K
  class space    used 4316K, committed 4736K, reserved 1048576K
}
Event: 13.126 GC heap before
{Heap before GC invocations=18 (full 0):
 garbage-first heap   total 245760K, used 204568K [0x0000000720a00000, 0x0000000800000000)
  region size 2048K, 61 young (124928K), 5 survivors (10240K)
 Metaspace       used 41694K, committed 42688K, reserved 1089536K
  class space    used 5369K, committed 5824K, reserved 1048576K
}
Event: 13.139 GC heap after
{Heap after GC invocations=19 (full 0):
 garbage-first heap   total 245760K, used 97650K [0x0000000720a00000, 0x0000000800000000)
  region size 2048K, 7 young (14336K), 7 survivors (14336K)
 Metaspace       used 41694K, committed 42688K, reserved 1089536K
  class space    used 5369K, committed 5824K, reserved 1048576K
}
Event: 13.656 GC heap before
{Heap before GC invocations=19 (full 0):
 garbage-first heap   total 245760K, used 204146K [0x0000000720a00000, 0x0000000800000000)
  region size 2048K, 59 young (120832K), 7 survivors (14336K)
 Metaspace       used 42973K, committed 43968K, reserved 1089536K
  class space    used 5536K, committed 5952K, reserved 1048576K
}
Event: 13.682 GC heap after
{Heap after GC invocations=20 (full 0):
 garbage-first heap   total 245760K, used 107878K [0x0000000720a00000, 0x0000000800000000)
  region size 2048K, 8 young (16384K), 8 survivors (16384K)
 Metaspace       used 42973K, committed 43968K, reserved 1089536K
  class space    used 5536K, committed 5952K, reserved 1048576K
}
Event: 13.901 GC heap before
{Heap before GC invocations=20 (full 0):
 garbage-first heap   total 245760K, used 200038K [0x0000000720a00000, 0x0000000800000000)
  region size 2048K, 53 young (108544K), 8 survivors (16384K)
 Metaspace       used 43252K, committed 44288K, reserved 1089536K
  class space    used 5578K, committed 6016K, reserved 1048576K
}
Event: 13.926 GC heap after
{Heap after GC invocations=21 (full 0):
 garbage-first heap   total 245760K, used 119403K [0x0000000720a00000, 0x0000000800000000)
  region size 2048K, 6 young (12288K), 6 survivors (12288K)
 Metaspace       used 43252K, committed 44288K, reserved 1089536K
  class space    used 5578K, committed 6016K, reserved 1048576K
}
Event: 14.197 GC heap before
{Heap before GC invocations=21 (full 0):
 garbage-first heap   total 245760K, used 199275K [0x0000000720a00000, 0x0000000800000000)
  region size 2048K, 45 young (92160K), 6 survivors (12288K)
 Metaspace       used 44039K, committed 44992K, reserved 1089536K
  class space    used 5658K, committed 6080K, reserved 1048576K
}
Event: 14.215 GC heap after
{Heap after GC invocations=22 (full 0):
 garbage-first heap   total 358400K, used 127712K [0x0000000720a00000, 0x0000000800000000)
  region size 2048K, 5 young (10240K), 5 survivors (10240K)
 Metaspace       used 44039K, committed 44992K, reserved 1089536K
  class space    used 5658K, committed 6080K, reserved 1048576K
}
Event: 16.138 GC heap before
{Heap before GC invocations=22 (full 0):
 garbage-first heap   total 358400K, used 283360K [0x0000000720a00000, 0x0000000800000000)
  region size 2048K, 82 young (167936K), 5 survivors (10240K)
 Metaspace       used 52869K, committed 53952K, reserved 1097728K
  class space    used 7011K, committed 7488K, reserved 1048576K
}
Event: 16.156 GC heap after
{Heap after GC invocations=23 (full 0):
 garbage-first heap   total 358400K, used 149767K [0x0000000720a00000, 0x0000000800000000)
  region size 2048K, 11 young (22528K), 11 survivors (22528K)
 Metaspace       used 52869K, committed 53952K, reserved 1097728K
  class space    used 7011K, committed 7488K, reserved 1048576K
}
Event: 17.306 GC heap before
{Heap before GC invocations=23 (full 0):
 garbage-first heap   total 358400K, used 219399K [0x0000000720a00000, 0x0000000800000000)
  region size 2048K, 46 young (94208K), 11 survivors (22528K)
 Metaspace       used 59609K, committed 60608K, reserved 1105920K
  class space    used 8189K, committed 8640K, reserved 1048576K
}
Event: 17.323 GC heap after
{Heap after GC invocations=24 (full 0):
 garbage-first heap   total 358400K, used 155438K [0x0000000720a00000, 0x0000000800000000)
  region size 2048K, 3 young (6144K), 3 survivors (6144K)
 Metaspace       used 59609K, committed 60608K, reserved 1105920K
  class space    used 8189K, committed 8640K, reserved 1048576K
}
Event: 18.943 GC heap before
{Heap before GC invocations=25 (full 0):
 garbage-first heap   total 358400K, used 282414K [0x0000000720a00000, 0x0000000800000000)
  region size 2048K, 65 young (133120K), 3 survivors (6144K)
 Metaspace       used 66339K, committed 67520K, reserved 1114112K
  class space    used 9218K, committed 9728K, reserved 1048576K
}
Event: 18.951 GC heap after
{Heap after GC invocations=26 (full 0):
 garbage-first heap   total 358400K, used 158344K [0x0000000720a00000, 0x0000000800000000)
  region size 2048K, 4 young (8192K), 4 survivors (8192K)
 Metaspace       used 66339K, committed 67520K, reserved 1114112K
  class space    used 9218K, committed 9728K, reserved 1048576K
}

