# JRE version: Java(TM) SE Runtime Environment (17.0.6+9) (build 17.0.6+9-LTS-190)
# Java VM: Java HotSpot(TM) 64-Bit Server VM (17.0.6+9-LTS-190, mixed mode, sharing, tiered, compressed oops, compressed class ptrs, g1 gc, windows-amd64)
GC Precious Log:
 CPUs: 8 total, 8 available
 Memory: 14293M
 Large Page Support: Disabled
 NUMA Support: Disabled
 Compressed Oops: Enabled (Zero based)
 Heap Region Size: 2M
 Heap Min Capacity: 8M
 Heap Initial Capacity: 224M
 Heap Max Capacity: 3574M
 Pre-touch: Disabled
 Parallel Workers: 8
 Concurrent Workers: 2
 Concurrent Refinement Workers: 8
 Periodic GC: Disabled
Heap:
 garbage-first heap   total 382976K, used 269213K [0x0000000720a00000, 0x0000000800000000)
  region size 2048K, 57 young (116736K), 3 survivors (6144K)
 Metaspace       used 65557K, committed 66688K, reserved 1105920K
  class space    used 9951K, committed 10432K, reserved 1048576K
GC Heap History (20 events):
Event: 6.230 GC heap before
{Heap before GC invocations=12 (full 0):
 garbage-first heap   total 219136K, used 174922K [0x0000000720a00000, 0x0000000800000000)
  region size 2048K, 51 young (104448K), 2 survivors (4096K)
 Metaspace       used 28623K, committed 29440K, reserved 1081344K
  class space    used 3593K, committed 3968K, reserved 1048576K
}
Event: 6.234 GC heap after
{Heap after GC invocations=13 (full 0):
 garbage-first heap   total 264192K, used 75724K [0x0000000720a00000, 0x0000000800000000)
  region size 2048K, 2 young (4096K), 2 survivors (4096K)
 Metaspace       used 28623K, committed 29440K, reserved 1081344K
  class space    used 3593K, committed 3968K, reserved 1048576K
}
Event: 6.698 GC heap before
{Heap before GC invocations=13 (full 0):
 garbage-first heap   total 264192K, used 229324K [0x0000000720a00000, 0x0000000800000000)
  region size 2048K, 71 young (145408K), 2 survivors (4096K)
 Metaspace       used 31135K, committed 32000K, reserved 1081344K
  class space    used 3920K, committed 4288K, reserved 1048576K
}
Event: 6.703 GC heap after
{Heap after GC invocations=14 (full 0):
 garbage-first heap   total 264192K, used 91684K [0x0000000720a00000, 0x0000000800000000)
  region size 2048K, 4 young (8192K), 4 survivors (8192K)
 Metaspace       used 31135K, committed 32000K, reserved 1081344K
  class space    used 3920K, committed 4288K, reserved 1048576K
}
Event: 7.658 GC heap before
{Heap before GC invocations=14 (full 0):
 garbage-first heap   total 264192K, used 216612K [0x0000000720a00000, 0x0000000800000000)
  region size 2048K, 66 young (135168K), 4 survivors (8192K)
 Metaspace       used 34483K, committed 35392K, reserved 1081344K
  class space    used 4278K, committed 4672K, reserved 1048576K
}
Event: 7.664 GC heap after
{Heap after GC invocations=15 (full 0):
 garbage-first heap   total 264192K, used 94111K [0x0000000720a00000, 0x0000000800000000)
  region size 2048K, 5 young (10240K), 5 survivors (10240K)
 Metaspace       used 34483K, committed 35392K, reserved 1081344K
  class space    used 4278K, committed 4672K, reserved 1048576K
}
Event: 7.771 GC heap before
{Heap before GC invocations=15 (full 0):
 garbage-first heap   total 264192K, used 102303K [0x0000000720a00000, 0x0000000800000000)
  region size 2048K, 10 young (20480K), 5 survivors (10240K)
 Metaspace       used 35250K, committed 36160K, reserved 1081344K
  class space    used 4396K, committed 4800K, reserved 1048576K
}
Event: 7.777 GC heap after
{Heap after GC invocations=16 (full 0):
 garbage-first heap   total 264192K, used 94144K [0x0000000720a00000, 0x0000000800000000)
  region size 2048K, 5 young (10240K), 5 survivors (10240K)
 Metaspace       used 35250K, committed 36160K, reserved 1081344K
  class space    used 4396K, committed 4800K, reserved 1048576K
}
Event: 8.766 GC heap before
{Heap before GC invocations=17 (full 0):
 garbage-first heap   total 264192K, used 221120K [0x0000000720a00000, 0x0000000800000000)
  region size 2048K, 67 young (137216K), 5 survivors (10240K)
 Metaspace       used 40743K, committed 41728K, reserved 1089536K
  class space    used 5390K, committed 5888K, reserved 1048576K
}
Event: 8.779 GC heap after
{Heap after GC invocations=18 (full 0):
 garbage-first heap   total 264192K, used 102762K [0x0000000720a00000, 0x0000000800000000)
  region size 2048K, 9 young (18432K), 9 survivors (18432K)
 Metaspace       used 40743K, committed 41728K, reserved 1089536K
  class space    used 5390K, committed 5888K, reserved 1048576K
}
Event: 9.176 GC heap before
{Heap before GC invocations=18 (full 0):
 garbage-first heap   total 264192K, used 217450K [0x0000000720a00000, 0x0000000800000000)
  region size 2048K, 65 young (133120K), 9 survivors (18432K)
 Metaspace       used 41901K, committed 42816K, reserved 1089536K
  class space    used 5579K, committed 6016K, reserved 1048576K
}
Event: 9.201 GC heap after
{Heap after GC invocations=19 (full 0):
 garbage-first heap   total 264192K, used 114532K [0x0000000720a00000, 0x0000000800000000)
  region size 2048K, 9 young (18432K), 9 survivors (18432K)
 Metaspace       used 41901K, committed 42816K, reserved 1089536K
  class space    used 5579K, committed 6016K, reserved 1048576K
}
Event: 9.431 GC heap before
{Heap before GC invocations=19 (full 0):
 garbage-first heap   total 264192K, used 214884K [0x0000000720a00000, 0x0000000800000000)
  region size 2048K, 58 young (118784K), 9 survivors (18432K)
 Metaspace       used 42240K, committed 43264K, reserved 1089536K
  class space    used 5620K, committed 6080K, reserved 1048576K
}
Event: 9.455 GC heap after
{Heap after GC invocations=20 (full 0):
 garbage-first heap   total 264192K, used 125448K [0x0000000720a00000, 0x0000000800000000)
  region size 2048K, 5 young (10240K), 5 survivors (10240K)
 Metaspace       used 42240K, committed 43264K, reserved 1089536K
  class space    used 5620K, committed 6080K, reserved 1048576K
}
Event: 9.847 GC heap before
{Heap before GC invocations=20 (full 0):
 garbage-first heap   total 264192K, used 215560K [0x0000000720a00000, 0x0000000800000000)
  region size 2048K, 49 young (100352K), 5 survivors (10240K)
 Metaspace       used 44402K, committed 45440K, reserved 1089536K
  class space    used 6003K, committed 6464K, reserved 1048576K
}
Event: 9.861 GC heap after
{Heap after GC invocations=21 (full 0):
 garbage-first heap   total 382976K, used 134385K [0x0000000720a00000, 0x0000000800000000)
  region size 2048K, 4 young (8192K), 4 survivors (8192K)
 Metaspace       used 44402K, committed 45440K, reserved 1089536K
  class space    used 6003K, committed 6464K, reserved 1048576K
}
Event: 11.654 GC heap before
{Heap before GC invocations=21 (full 0):
 garbage-first heap   total 382976K, used 302321K [0x0000000720a00000, 0x0000000800000000)
  region size 2048K, 87 young (178176K), 4 survivors (8192K)
 Metaspace       used 55666K, committed 56768K, reserved 1097728K
  class space    used 8265K, committed 8768K, reserved 1048576K
}
Event: 11.674 GC heap after
{Heap after GC invocations=22 (full 0):
 garbage-first heap   total 382976K, used 156177K [0x0000000720a00000, 0x0000000800000000)
  region size 2048K, 11 young (22528K), 11 survivors (22528K)
 Metaspace       used 55666K, committed 56768K, reserved 1097728K
  class space    used 8265K, committed 8768K, reserved 1048576K
}
Event: 12.521 GC heap before
{Heap before GC invocations=22 (full 0):
 garbage-first heap   total 382976K, used 252433K [0x0000000720a00000, 0x0000000800000000)
  region size 2048K, 59 young (120832K), 11 survivors (22528K)
 Metaspace       used 59613K, committed 60736K, reserved 1105920K
  class space    used 9000K, committed 9472K, reserved 1048576K
}
Event: 12.537 GC heap after
{Heap after GC invocations=23 (full 0):
 garbage-first heap   total 382976K, used 162717K [0x0000000720a00000, 0x0000000800000000)
  region size 2048K, 3 young (6144K), 3 survivors (6144K)
 Metaspace       used 59613K, committed 60736K, reserved 1105920K
  class space    used 9000K, committed 9472K, reserved 1048576K
}

