# JRE version: Java(TM) SE Runtime Environment (17.0.6+9) (build 17.0.6+9-LTS-190)
# Java VM: Java HotSpot(TM) 64-Bit Server VM (17.0.6+9-LTS-190, mixed mode, sharing, tiered, compressed oops, compressed class ptrs, g1 gc, windows-amd64)
GC Precious Log:
 CPUs: 8 total, 8 available
 Memory: 14293M
 Large Page Support: Disabled
 NUMA Support: Disabled
 Compressed Oops: Enabled (Zero based)
 Heap Region Size: 2M
 Heap Min Capacity: 8M
 Heap Initial Capacity: 224M
 Heap Max Capacity: 3574M
 Pre-touch: Disabled
 Parallel Workers: 8
 Concurrent Workers: 2
 Concurrent Refinement Workers: 8
 Periodic GC: Disabled
Heap:
 garbage-first heap   total 342016K, used 261749K [0x0000000720a00000, 0x0000000800000000)
  region size 2048K, 56 young (114688K), 4 survivors (8192K)
 Metaspace       used 65585K, committed 66752K, reserved 1105920K
  class space    used 9963K, committed 10496K, reserved 1048576K
GC Heap History (20 events):
Event: 5.468 GC heap before
{Heap before GC invocations=10 (full 0):
 garbage-first heap   total 219136K, used 162713K [0x0000000720a00000, 0x0000000800000000)
  region size 2048K, 46 young (94208K), 1 survivors (2048K)
 Metaspace       used 27007K, committed 27776K, reserved 1081344K
  class space    used 3346K, committed 3712K, reserved 1048576K
}
Event: 5.471 GC heap after
{Heap after GC invocations=11 (full 0):
 garbage-first heap   total 219136K, used 72174K [0x0000000720a00000, 0x0000000800000000)
  region size 2048K, 1 young (2048K), 1 survivors (2048K)
 Metaspace       used 27007K, committed 27776K, reserved 1081344K
  class space    used 3346K, committed 3712K, reserved 1048576K
}
Event: 5.663 GC heap before
{Heap before GC invocations=11 (full 0):
 garbage-first heap   total 219136K, used 168430K [0x0000000720a00000, 0x0000000800000000)
  region size 2048K, 48 young (98304K), 1 survivors (2048K)
 Metaspace       used 27020K, committed 27840K, reserved 1081344K
  class space    used 3349K, committed 3712K, reserved 1048576K
}
Event: 5.665 GC heap after
{Heap after GC invocations=12 (full 0):
 garbage-first heap   total 219136K, used 72302K [0x0000000720a00000, 0x0000000800000000)
  region size 2048K, 1 young (2048K), 1 survivors (2048K)
 Metaspace       used 27020K, committed 27840K, reserved 1081344K
  class space    used 3349K, committed 3712K, reserved 1048576K
}
Event: 5.889 GC heap before
{Heap before GC invocations=12 (full 0):
 garbage-first heap   total 219136K, used 172654K [0x0000000720a00000, 0x0000000800000000)
  region size 2048K, 50 young (102400K), 1 survivors (2048K)
 Metaspace       used 27063K, committed 27904K, reserved 1081344K
  class space    used 3352K, committed 3712K, reserved 1048576K
}
Event: 5.892 GC heap after
{Heap after GC invocations=13 (full 0):
 garbage-first heap   total 471040K, used 73129K [0x0000000720a00000, 0x0000000800000000)
  region size 2048K, 2 young (4096K), 2 survivors (4096K)
 Metaspace       used 27063K, committed 27904K, reserved 1081344K
  class space    used 3352K, committed 3712K, reserved 1048576K
}
Event: 6.866 GC heap before
{Heap before GC invocations=13 (full 0):
 garbage-first heap   total 471040K, used 363945K [0x0000000720a00000, 0x0000000800000000)
  region size 2048K, 138 young (282624K), 2 survivors (4096K)
 Metaspace       used 31594K, committed 32512K, reserved 1081344K
  class space    used 3989K, committed 4416K, reserved 1048576K
}
Event: 6.872 GC heap after
{Heap after GC invocations=14 (full 0):
 garbage-first heap   total 471040K, used 90998K [0x0000000720a00000, 0x0000000800000000)
  region size 2048K, 4 young (8192K), 4 survivors (8192K)
 Metaspace       used 31594K, committed 32512K, reserved 1081344K
  class space    used 3989K, committed 4416K, reserved 1048576K
}
Event: 7.626 GC heap before
{Heap before GC invocations=14 (full 0):
 garbage-first heap   total 471040K, used 183158K [0x0000000720a00000, 0x0000000800000000)
  region size 2048K, 50 young (102400K), 4 survivors (8192K)
 Metaspace       used 35402K, committed 36288K, reserved 1081344K
  class space    used 4418K, committed 4800K, reserved 1048576K
}
Event: 7.634 GC heap after
{Heap after GC invocations=15 (full 0):
 garbage-first heap   total 471040K, used 92453K [0x0000000720a00000, 0x0000000800000000)
  region size 2048K, 5 young (10240K), 5 survivors (10240K)
 Metaspace       used 35402K, committed 36288K, reserved 1081344K
  class space    used 4418K, committed 4800K, reserved 1048576K
}
Event: 9.059 GC heap before
{Heap before GC invocations=16 (full 0):
 garbage-first heap   total 342016K, used 284965K [0x0000000720a00000, 0x0000000800000000)
  region size 2048K, 100 young (204800K), 5 survivors (10240K)
 Metaspace       used 41675K, committed 42688K, reserved 1089536K
  class space    used 5541K, committed 6016K, reserved 1048576K
}
Event: 9.085 GC heap after
{Heap after GC invocations=17 (full 0):
 garbage-first heap   total 342016K, used 107417K [0x0000000720a00000, 0x0000000800000000)
  region size 2048K, 12 young (24576K), 12 survivors (24576K)
 Metaspace       used 41675K, committed 42688K, reserved 1089536K
  class space    used 5541K, committed 6016K, reserved 1048576K
}
Event: 9.655 GC heap before
{Heap before GC invocations=17 (full 0):
 garbage-first heap   total 342016K, used 279449K [0x0000000720a00000, 0x0000000800000000)
  region size 2048K, 96 young (196608K), 12 survivors (24576K)
 Metaspace       used 42417K, committed 43456K, reserved 1089536K
  class space    used 5650K, committed 6144K, reserved 1048576K
}
Event: 9.682 GC heap after
{Heap after GC invocations=18 (full 0):
 garbage-first heap   total 342016K, used 125924K [0x0000000720a00000, 0x0000000800000000)
  region size 2048K, 10 young (20480K), 10 survivors (20480K)
 Metaspace       used 42417K, committed 43456K, reserved 1089536K
  class space    used 5650K, committed 6144K, reserved 1048576K
}
Event: 10.796 GC heap before
{Heap before GC invocations=18 (full 0):
 garbage-first heap   total 342016K, used 271332K [0x0000000720a00000, 0x0000000800000000)
  region size 2048K, 82 young (167936K), 10 survivors (20480K)
 Metaspace       used 48475K, committed 49536K, reserved 1097728K
  class space    used 6619K, committed 7104K, reserved 1048576K
}
Event: 10.819 GC heap after
{Heap after GC invocations=19 (full 0):
 garbage-first heap   total 342016K, used 149645K [0x0000000720a00000, 0x0000000800000000)
  region size 2048K, 11 young (22528K), 11 survivors (22528K)
 Metaspace       used 48475K, committed 49536K, reserved 1097728K
  class space    used 6619K, committed 7104K, reserved 1048576K
}
Event: 12.089 GC heap before
{Heap before GC invocations=19 (full 0):
 garbage-first heap   total 342016K, used 266381K [0x0000000720a00000, 0x0000000800000000)
  region size 2048K, 68 young (139264K), 11 survivors (22528K)
 Metaspace       used 57238K, committed 58432K, reserved 1105920K
  class space    used 8538K, committed 9088K, reserved 1048576K
}
Event: 12.104 GC heap after
{Heap after GC invocations=20 (full 0):
 garbage-first heap   total 342016K, used 159074K [0x0000000720a00000, 0x0000000800000000)
  region size 2048K, 4 young (8192K), 4 survivors (8192K)
 Metaspace       used 57238K, committed 58432K, reserved 1105920K
  class space    used 8538K, committed 9088K, reserved 1048576K
}
Event: 12.685 GC heap before
{Heap before GC invocations=20 (full 0):
 garbage-first heap   total 342016K, used 230754K [0x0000000720a00000, 0x0000000800000000)
  region size 2048K, 40 young (81920K), 4 survivors (8192K)
 Metaspace       used 59951K, committed 61056K, reserved 1105920K
  class space    used 9064K, committed 9600K, reserved 1048576K
}
Event: 12.692 GC heap after
{Heap after GC invocations=21 (full 0):
 garbage-first heap   total 342016K, used 159349K [0x0000000720a00000, 0x0000000800000000)
  region size 2048K, 4 young (8192K), 4 survivors (8192K)
 Metaspace       used 59951K, committed 61056K, reserved 1105920K
  class space    used 9064K, committed 9600K, reserved 1048576K
}

