# JRE version: OpenJDK Runtime Environment Temurin-17.0.5+8 (17.0.5+8) (build 17.0.5+8)
# Java VM: OpenJDK 64-Bit Server VM Temurin-17.0.5+8 (17.0.5+8, mixed mode, sharing, tiered, compressed oops, compressed class ptrs, g1 gc, windows-amd64)
GC Precious Log:
 CPUs: 8 total, 8 available
 Memory: 14293M
 Large Page Support: Disabled
 NUMA Support: Disabled
 Compressed Oops: Enabled (Zero based)
 Heap Region Size: 2M
 Heap Min Capacity: 8M
 Heap Initial Capacity: 224M
 Heap Max Capacity: 3574M
 Pre-touch: Disabled
 Parallel Workers: 8
 Concurrent Workers: 2
 Concurrent Refinement Workers: 8
 Periodic GC: Disabled
Heap:
 garbage-first heap   total 333824K, used 259738K [0x0000000720a00000, 0x0000000800000000)
  region size 2048K, 57 young (116736K), 6 survivors (12288K)
 Metaspace       used 71379K, committed 72512K, reserved 1114112K
  class space    used 9938K, committed 10432K, reserved 1048576K
GC Heap History (20 events):
Event: 10.021 GC heap before
{Heap before GC invocations=14 (full 0):
 garbage-first heap   total 239616K, used 196827K [0x0000000720a00000, 0x0000000800000000)
  region size 2048K, 63 young (129024K), 2 survivors (4096K)
 Metaspace       used 29050K, committed 29888K, reserved 1081344K
  class space    used 3643K, committed 4032K, reserved 1048576K
}
Event: 10.026 GC heap after
{Heap after GC invocations=15 (full 0):
 garbage-first heap   total 239616K, used 76406K [0x0000000720a00000, 0x0000000800000000)
  region size 2048K, 4 young (8192K), 4 survivors (8192K)
 Metaspace       used 29050K, committed 29888K, reserved 1081344K
  class space    used 3643K, committed 4032K, reserved 1048576K
}
Event: 10.486 GC heap before
{Heap before GC invocations=15 (full 0):
 garbage-first heap   total 239616K, used 211574K [0x0000000720a00000, 0x0000000800000000)
  region size 2048K, 64 young (131072K), 4 survivors (8192K)
 Metaspace       used 30647K, committed 31552K, reserved 1081344K
  class space    used 3846K, committed 4224K, reserved 1048576K
}
Event: 10.493 GC heap after
{Heap after GC invocations=16 (full 0):
 garbage-first heap   total 239616K, used 90759K [0x0000000720a00000, 0x0000000800000000)
  region size 2048K, 5 young (10240K), 5 survivors (10240K)
 Metaspace       used 30647K, committed 31552K, reserved 1081344K
  class space    used 3846K, committed 4224K, reserved 1048576K
}
Event: 12.102 GC heap before
{Heap before GC invocations=16 (full 0):
 garbage-first heap   total 239616K, used 170631K [0x0000000720a00000, 0x0000000800000000)
  region size 2048K, 45 young (92160K), 5 survivors (10240K)
 Metaspace       used 35038K, committed 35968K, reserved 1081344K
  class space    used 4309K, committed 4736K, reserved 1048576K
}
Event: 12.111 GC heap after
{Heap after GC invocations=17 (full 0):
 garbage-first heap   total 239616K, used 92473K [0x0000000720a00000, 0x0000000800000000)
  region size 2048K, 5 young (10240K), 5 survivors (10240K)
 Metaspace       used 35038K, committed 35968K, reserved 1081344K
  class space    used 4309K, committed 4736K, reserved 1048576K
}
Event: 13.387 GC heap before
{Heap before GC invocations=18 (full 0):
 garbage-first heap   total 239616K, used 203065K [0x0000000720a00000, 0x0000000800000000)
  region size 2048K, 59 young (120832K), 5 survivors (10240K)
 Metaspace       used 41303K, committed 42304K, reserved 1089536K
  class space    used 5312K, committed 5760K, reserved 1048576K
}
Event: 13.403 GC heap after
{Heap after GC invocations=19 (full 0):
 garbage-first heap   total 239616K, used 98121K [0x0000000720a00000, 0x0000000800000000)
  region size 2048K, 7 young (14336K), 7 survivors (14336K)
 Metaspace       used 41303K, committed 42304K, reserved 1089536K
  class space    used 5312K, committed 5760K, reserved 1048576K
}
Event: 13.994 GC heap before
{Heap before GC invocations=20 (full 0):
 garbage-first heap   total 239616K, used 198473K [0x0000000720a00000, 0x0000000800000000)
  region size 2048K, 56 young (114688K), 7 survivors (14336K)
 Metaspace       used 42866K, committed 43776K, reserved 1089536K
  class space    used 5534K, committed 5952K, reserved 1048576K
}
Event: 14.018 GC heap after
{Heap after GC invocations=21 (full 0):
 garbage-first heap   total 239616K, used 106840K [0x0000000720a00000, 0x0000000800000000)
  region size 2048K, 7 young (14336K), 7 survivors (14336K)
 Metaspace       used 42866K, committed 43776K, reserved 1089536K
  class space    used 5534K, committed 5952K, reserved 1048576K
}
Event: 14.253 GC heap before
{Heap before GC invocations=21 (full 0):
 garbage-first heap   total 239616K, used 196952K [0x0000000720a00000, 0x0000000800000000)
  region size 2048K, 51 young (104448K), 7 survivors (14336K)
 Metaspace       used 43169K, committed 44160K, reserved 1089536K
  class space    used 5577K, committed 6016K, reserved 1048576K
}
Event: 14.275 GC heap after
{Heap after GC invocations=22 (full 0):
 garbage-first heap   total 239616K, used 118037K [0x0000000720a00000, 0x0000000800000000)
  region size 2048K, 6 young (12288K), 6 survivors (12288K)
 Metaspace       used 43169K, committed 44160K, reserved 1089536K
  class space    used 5577K, committed 6016K, reserved 1048576K
}
Event: 14.491 GC heap before
{Heap before GC invocations=22 (full 0):
 garbage-first heap   total 239616K, used 193813K [0x0000000720a00000, 0x0000000800000000)
  region size 2048K, 43 young (88064K), 6 survivors (12288K)
 Metaspace       used 43626K, committed 44672K, reserved 1089536K
  class space    used 5619K, committed 6080K, reserved 1048576K
}
Event: 14.506 GC heap after
{Heap after GC invocations=23 (full 0):
 garbage-first heap   total 333824K, used 126386K [0x0000000720a00000, 0x0000000800000000)
  region size 2048K, 4 young (8192K), 4 survivors (8192K)
 Metaspace       used 43626K, committed 44672K, reserved 1089536K
  class space    used 5619K, committed 6080K, reserved 1048576K
}
Event: 16.166 GC heap before
{Heap before GC invocations=24 (full 0):
 garbage-first heap   total 333824K, used 267698K [0x0000000720a00000, 0x0000000800000000)
  region size 2048K, 73 young (149504K), 4 survivors (8192K)
 Metaspace       used 49839K, committed 50816K, reserved 1097728K
  class space    used 6467K, committed 6912K, reserved 1048576K
}
Event: 16.185 GC heap after
{Heap after GC invocations=25 (full 0):
 garbage-first heap   total 333824K, used 147241K [0x0000000720a00000, 0x0000000800000000)
  region size 2048K, 10 young (20480K), 10 survivors (20480K)
 Metaspace       used 49839K, committed 50816K, reserved 1097728K
  class space    used 6467K, committed 6912K, reserved 1048576K
}
Event: 17.990 GC heap before
{Heap before GC invocations=25 (full 0):
 garbage-first heap   total 333824K, used 259881K [0x0000000720a00000, 0x0000000800000000)
  region size 2048K, 65 young (133120K), 10 survivors (20480K)
 Metaspace       used 60262K, committed 61312K, reserved 1105920K
  class space    used 8295K, committed 8768K, reserved 1048576K
}
Event: 18.006 GC heap after
{Heap after GC invocations=26 (full 0):
 garbage-first heap   total 333824K, used 155777K [0x0000000720a00000, 0x0000000800000000)
  region size 2048K, 4 young (8192K), 4 survivors (8192K)
 Metaspace       used 60262K, committed 61312K, reserved 1105920K
  class space    used 8295K, committed 8768K, reserved 1048576K
}
Event: 19.243 GC heap before
{Heap before GC invocations=26 (full 0):
 garbage-first heap   total 333824K, used 264321K [0x0000000720a00000, 0x0000000800000000)
  region size 2048K, 57 young (116736K), 4 survivors (8192K)
 Metaspace       used 65525K, committed 66688K, reserved 1105920K
  class space    used 9103K, committed 9600K, reserved 1048576K
}
Event: 19.251 GC heap after
{Heap after GC invocations=27 (full 0):
 garbage-first heap   total 333824K, used 159386K [0x0000000720a00000, 0x0000000800000000)
  region size 2048K, 6 young (12288K), 6 survivors (12288K)
 Metaspace       used 65525K, committed 66688K, reserved 1105920K
  class space    used 9103K, committed 9600K, reserved 1048576K
}

