# JRE version: OpenJDK Runtime Environment Temurin-17.0.5+8 (17.0.5+8) (build 17.0.5+8)
# Java VM: OpenJDK 64-Bit Server VM Temurin-17.0.5+8 (17.0.5+8, mixed mode, sharing, tiered, compressed oops, compressed class ptrs, g1 gc, windows-amd64)
GC Precious Log:
 CPUs: 8 total, 8 available
 Memory: 14293M
 Large Page Support: Disabled
 NUMA Support: Disabled
 Compressed Oops: Enabled (Zero based)
 Heap Region Size: 2M
 Heap Min Capacity: 8M
 Heap Initial Capacity: 224M
 Heap Max Capacity: 3574M
 Pre-touch: Disabled
 Parallel Workers: 8
 Concurrent Workers: 2
 Concurrent Refinement Workers: 8
 Periodic GC: Disabled
Heap:
 garbage-first heap   total 346112K, used 270759K [0x0000000720a00000, 0x0000000800000000)
  region size 2048K, 59 young (120832K), 4 survivors (8192K)
 Metaspace       used 65548K, committed 66688K, reserved 1105920K
  class space    used 9949K, committed 10432K, reserved 1048576K
GC Heap History (20 events):
Event: 8.148 GC heap before
{Heap before GC invocations=14 (full 0):
 garbage-first heap   total 256000K, used 211739K [0x0000000720a00000, 0x0000000800000000)
  region size 2048K, 63 young (129024K), 3 survivors (6144K)
 Metaspace       used 32341K, committed 33280K, reserved 1081344K
  class space    used 4066K, committed 4480K, reserved 1048576K
}
Event: 8.157 GC heap after
{Heap after GC invocations=15 (full 0):
 garbage-first heap   total 256000K, used 91573K [0x0000000720a00000, 0x0000000800000000)
  region size 2048K, 5 young (10240K), 5 survivors (10240K)
 Metaspace       used 32341K, committed 33280K, reserved 1081344K
  class space    used 4066K, committed 4480K, reserved 1048576K
}
Event: 8.744 GC heap before
{Heap before GC invocations=15 (full 0):
 garbage-first heap   total 256000K, used 210357K [0x0000000720a00000, 0x0000000800000000)
  region size 2048K, 63 young (129024K), 5 survivors (10240K)
 Metaspace       used 34695K, committed 35584K, reserved 1081344K
  class space    used 4306K, committed 4736K, reserved 1048576K
}
Event: 8.752 GC heap after
{Heap after GC invocations=16 (full 0):
 garbage-first heap   total 256000K, used 93476K [0x0000000720a00000, 0x0000000800000000)
  region size 2048K, 5 young (10240K), 5 survivors (10240K)
 Metaspace       used 34695K, committed 35584K, reserved 1081344K
  class space    used 4306K, committed 4736K, reserved 1048576K
}
Event: 8.872 GC heap before
{Heap before GC invocations=16 (full 0):
 garbage-first heap   total 256000K, used 99620K [0x0000000720a00000, 0x0000000800000000)
  region size 2048K, 10 young (20480K), 5 survivors (10240K)
 Metaspace       used 35200K, committed 36160K, reserved 1081344K
  class space    used 4384K, committed 4800K, reserved 1048576K
}
Event: 8.878 GC heap after
{Heap after GC invocations=17 (full 0):
 garbage-first heap   total 256000K, used 93712K [0x0000000720a00000, 0x0000000800000000)
  region size 2048K, 5 young (10240K), 5 survivors (10240K)
 Metaspace       used 35200K, committed 36160K, reserved 1081344K
  class space    used 4384K, committed 4800K, reserved 1048576K
}
Event: 10.236 GC heap before
{Heap before GC invocations=18 (full 0):
 garbage-first heap   total 256000K, used 210448K [0x0000000720a00000, 0x0000000800000000)
  region size 2048K, 63 young (129024K), 5 survivors (10240K)
 Metaspace       used 40620K, committed 41600K, reserved 1089536K
  class space    used 5371K, committed 5824K, reserved 1048576K
}
Event: 10.250 GC heap after
{Heap after GC invocations=19 (full 0):
 garbage-first heap   total 256000K, used 100226K [0x0000000720a00000, 0x0000000800000000)
  region size 2048K, 8 young (16384K), 8 survivors (16384K)
 Metaspace       used 40620K, committed 41600K, reserved 1089536K
  class space    used 5371K, committed 5824K, reserved 1048576K
}
Event: 10.884 GC heap before
{Heap before GC invocations=19 (full 0):
 garbage-first heap   total 256000K, used 208770K [0x0000000720a00000, 0x0000000800000000)
  region size 2048K, 61 young (124928K), 8 survivors (16384K)
 Metaspace       used 41723K, committed 42624K, reserved 1089536K
  class space    used 5541K, committed 5952K, reserved 1048576K
}
Event: 10.906 GC heap after
{Heap after GC invocations=20 (full 0):
 garbage-first heap   total 256000K, used 110563K [0x0000000720a00000, 0x0000000800000000)
  region size 2048K, 8 young (16384K), 8 survivors (16384K)
 Metaspace       used 41723K, committed 42624K, reserved 1089536K
  class space    used 5541K, committed 5952K, reserved 1048576K
}
Event: 11.136 GC heap before
{Heap before GC invocations=20 (full 0):
 garbage-first heap   total 256000K, used 208867K [0x0000000720a00000, 0x0000000800000000)
  region size 2048K, 56 young (114688K), 8 survivors (16384K)
 Metaspace       used 41906K, committed 42816K, reserved 1089536K
  class space    used 5580K, committed 6016K, reserved 1048576K
}
Event: 11.159 GC heap after
{Heap after GC invocations=21 (full 0):
 garbage-first heap   total 256000K, used 121901K [0x0000000720a00000, 0x0000000800000000)
  region size 2048K, 6 young (12288K), 6 survivors (12288K)
 Metaspace       used 41906K, committed 42816K, reserved 1089536K
  class space    used 5580K, committed 6016K, reserved 1048576K
}
Event: 11.480 GC heap before
{Heap before GC invocations=21 (full 0):
 garbage-first heap   total 256000K, used 207917K [0x0000000720a00000, 0x0000000800000000)
  region size 2048K, 48 young (98304K), 6 survivors (12288K)
 Metaspace       used 42545K, committed 43520K, reserved 1089536K
  class space    used 5663K, committed 6080K, reserved 1048576K
}
Event: 11.494 GC heap after
{Heap after GC invocations=22 (full 0):
 garbage-first heap   total 346112K, used 131139K [0x0000000720a00000, 0x0000000800000000)
  region size 2048K, 5 young (10240K), 5 survivors (10240K)
 Metaspace       used 42545K, committed 43520K, reserved 1089536K
  class space    used 5663K, committed 6080K, reserved 1048576K
}
Event: 13.074 GC heap before
{Heap before GC invocations=22 (full 0):
 garbage-first heap   total 346112K, used 274499K [0x0000000720a00000, 0x0000000800000000)
  region size 2048K, 75 young (153600K), 5 survivors (10240K)
 Metaspace       used 50783K, committed 51776K, reserved 1097728K
  class space    used 7244K, committed 7744K, reserved 1048576K
}
Event: 13.092 GC heap after
{Heap after GC invocations=23 (full 0):
 garbage-first heap   total 346112K, used 151910K [0x0000000720a00000, 0x0000000800000000)
  region size 2048K, 10 young (20480K), 10 survivors (20480K)
 Metaspace       used 50783K, committed 51776K, reserved 1097728K
  class space    used 7244K, committed 7744K, reserved 1048576K
}
Event: 14.416 GC heap before
{Heap before GC invocations=23 (full 0):
 garbage-first heap   total 346112K, used 268646K [0x0000000720a00000, 0x0000000800000000)
  region size 2048K, 67 young (137216K), 10 survivors (20480K)
 Metaspace       used 57207K, committed 58304K, reserved 1105920K
  class space    used 8525K, committed 9024K, reserved 1048576K
}
Event: 14.432 GC heap after
{Heap after GC invocations=24 (full 0):
 garbage-first heap   total 346112K, used 159587K [0x0000000720a00000, 0x0000000800000000)
  region size 2048K, 4 young (8192K), 4 survivors (8192K)
 Metaspace       used 57207K, committed 58304K, reserved 1105920K
  class space    used 8525K, committed 9024K, reserved 1048576K
}
Event: 15.018 GC heap before
{Heap before GC invocations=24 (full 0):
 garbage-first heap   total 346112K, used 202595K [0x0000000720a00000, 0x0000000800000000)
  region size 2048K, 26 young (53248K), 4 survivors (8192K)
 Metaspace       used 59641K, committed 60736K, reserved 1105920K
  class space    used 9004K, committed 9472K, reserved 1048576K
}
Event: 15.027 GC heap after
{Heap after GC invocations=25 (full 0):
 garbage-first heap   total 346112K, used 160167K [0x0000000720a00000, 0x0000000800000000)
  region size 2048K, 4 young (8192K), 4 survivors (8192K)
 Metaspace       used 59641K, committed 60736K, reserved 1105920K
  class space    used 9004K, committed 9472K, reserved 1048576K
}

