# JRE version: OpenJDK Runtime Environment Temurin-17.0.5+8 (17.0.5+8) (build 17.0.5+8)
# Java VM: OpenJDK 64-Bit Server VM Temurin-17.0.5+8 (17.0.5+8, mixed mode, sharing, tiered, compressed oops, compressed class ptrs, g1 gc, windows-amd64)
GC Precious Log:
 CPUs: 8 total, 8 available
 Memory: 14293M
 Large Page Support: Disabled
 NUMA Support: Disabled
 Compressed Oops: Enabled (Zero based)
 Heap Region Size: 2M
 Heap Min Capacity: 8M
 Heap Initial Capacity: 224M
 Heap Max Capacity: 3574M
 Pre-touch: Disabled
 Parallel Workers: 8
 Concurrent Workers: 2
 Concurrent Refinement Workers: 8
 Periodic GC: Disabled
Heap:
 garbage-first heap   total 335872K, used 261274K [0x0000000720a00000, 0x0000000800000000)
  region size 2048K, 56 young (114688K), 5 survivors (10240K)
 Metaspace       used 71184K, committed 72320K, reserved 1114112K
  class space    used 9942K, committed 10432K, reserved 1048576K
GC Heap History (20 events):
Event: 15.891 GC heap before
{Heap before GC invocations=13 (full 0):
 garbage-first heap   total 245760K, used 201543K [0x0000000720a00000, 0x0000000800000000)
  region size 2048K, 64 young (131072K), 2 survivors (4096K)
 Metaspace       used 27413K, committed 28224K, reserved 1073152K
  class space    used 3428K, committed 3776K, reserved 1048576K
}
Event: 15.898 GC heap after
{Heap after GC invocations=14 (full 0):
 garbage-first heap   total 245760K, used 76866K [0x0000000720a00000, 0x0000000800000000)
  region size 2048K, 3 young (6144K), 3 survivors (6144K)
 Metaspace       used 27413K, committed 28224K, reserved 1073152K
  class space    used 3428K, committed 3776K, reserved 1048576K
}
Event: 17.159 GC heap before
{Heap before GC invocations=14 (full 0):
 garbage-first heap   total 245760K, used 216130K [0x0000000720a00000, 0x0000000800000000)
  region size 2048K, 65 young (133120K), 3 survivors (6144K)
 Metaspace       used 29791K, committed 30592K, reserved 1081344K
  class space    used 3740K, committed 4096K, reserved 1048576K
}
Event: 17.168 GC heap after
{Heap after GC invocations=15 (full 0):
 garbage-first heap   total 245760K, used 92093K [0x0000000720a00000, 0x0000000800000000)
  region size 2048K, 5 young (10240K), 5 survivors (10240K)
 Metaspace       used 29791K, committed 30592K, reserved 1081344K
  class space    used 3740K, committed 4096K, reserved 1048576K
}
Event: 21.093 GC heap before
{Heap before GC invocations=15 (full 0):
 garbage-first heap   total 245760K, used 165821K [0x0000000720a00000, 0x0000000800000000)
  region size 2048K, 42 young (86016K), 5 survivors (10240K)
 Metaspace       used 35197K, committed 36096K, reserved 1081344K
  class space    used 4322K, committed 4736K, reserved 1048576K
}
Event: 21.102 GC heap after
{Heap after GC invocations=16 (full 0):
 garbage-first heap   total 245760K, used 93577K [0x0000000720a00000, 0x0000000800000000)
  region size 2048K, 5 young (10240K), 5 survivors (10240K)
 Metaspace       used 35197K, committed 36096K, reserved 1081344K
  class space    used 4322K, committed 4736K, reserved 1048576K
}
Event: 23.444 GC heap before
{Heap before GC invocations=17 (full 0):
 garbage-first heap   total 245760K, used 206217K [0x0000000720a00000, 0x0000000800000000)
  region size 2048K, 60 young (122880K), 5 survivors (10240K)
 Metaspace       used 41519K, committed 42496K, reserved 1089536K
  class space    used 5354K, committed 5824K, reserved 1048576K
}
Event: 23.458 GC heap after
{Heap after GC invocations=18 (full 0):
 garbage-first heap   total 245760K, used 99293K [0x0000000720a00000, 0x0000000800000000)
  region size 2048K, 7 young (14336K), 7 survivors (14336K)
 Metaspace       used 41519K, committed 42496K, reserved 1089536K
  class space    used 5354K, committed 5824K, reserved 1048576K
}
Event: 24.274 GC heap before
{Heap before GC invocations=18 (full 0):
 garbage-first heap   total 245760K, used 203741K [0x0000000720a00000, 0x0000000800000000)
  region size 2048K, 58 young (118784K), 7 survivors (14336K)
 Metaspace       used 42850K, committed 43840K, reserved 1089536K
  class space    used 5530K, committed 5952K, reserved 1048576K
}
Event: 24.296 GC heap after
{Heap after GC invocations=19 (full 0):
 garbage-first heap   total 245760K, used 108773K [0x0000000720a00000, 0x0000000800000000)
  region size 2048K, 8 young (16384K), 8 survivors (16384K)
 Metaspace       used 42850K, committed 43840K, reserved 1089536K
  class space    used 5530K, committed 5952K, reserved 1048576K
}
Event: 24.619 GC heap before
{Heap before GC invocations=19 (full 0):
 garbage-first heap   total 245760K, used 200933K [0x0000000720a00000, 0x0000000800000000)
  region size 2048K, 53 young (108544K), 8 survivors (16384K)
 Metaspace       used 43143K, committed 44096K, reserved 1089536K
  class space    used 5570K, committed 6016K, reserved 1048576K
}
Event: 24.649 GC heap after
{Heap after GC invocations=20 (full 0):
 garbage-first heap   total 245760K, used 120688K [0x0000000720a00000, 0x0000000800000000)
  region size 2048K, 6 young (12288K), 6 survivors (12288K)
 Metaspace       used 43143K, committed 44096K, reserved 1089536K
  class space    used 5570K, committed 6016K, reserved 1048576K
}
Event: 25.028 GC heap before
{Heap before GC invocations=20 (full 0):
 garbage-first heap   total 245760K, used 198512K [0x0000000720a00000, 0x0000000800000000)
  region size 2048K, 44 young (90112K), 6 survivors (12288K)
 Metaspace       used 43781K, committed 44736K, reserved 1089536K
  class space    used 5639K, committed 6080K, reserved 1048576K
}
Event: 25.046 GC heap after
{Heap after GC invocations=21 (full 0):
 garbage-first heap   total 335872K, used 128538K [0x0000000720a00000, 0x0000000800000000)
  region size 2048K, 4 young (8192K), 4 survivors (8192K)
 Metaspace       used 43781K, committed 44736K, reserved 1089536K
  class space    used 5639K, committed 6080K, reserved 1048576K
}
Event: 27.889 GC heap before
{Heap before GC invocations=22 (full 0):
 garbage-first heap   total 335872K, used 265754K [0x0000000720a00000, 0x0000000800000000)
  region size 2048K, 71 young (145408K), 4 survivors (8192K)
 Metaspace       used 50003K, committed 51072K, reserved 1097728K
  class space    used 6504K, committed 6976K, reserved 1048576K
}
Event: 27.909 GC heap after
{Heap after GC invocations=23 (full 0):
 garbage-first heap   total 335872K, used 151481K [0x0000000720a00000, 0x0000000800000000)
  region size 2048K, 9 young (18432K), 9 survivors (18432K)
 Metaspace       used 50003K, committed 51072K, reserved 1097728K
  class space    used 6504K, committed 6976K, reserved 1048576K
}
Event: 30.874 GC heap before
{Heap before GC invocations=23 (full 0):
 garbage-first heap   total 335872K, used 260025K [0x0000000720a00000, 0x0000000800000000)
  region size 2048K, 62 young (126976K), 9 survivors (18432K)
 Metaspace       used 60532K, committed 61632K, reserved 1105920K
  class space    used 8342K, committed 8832K, reserved 1048576K
}
Event: 30.891 GC heap after
{Heap after GC invocations=24 (full 0):
 garbage-first heap   total 335872K, used 157352K [0x0000000720a00000, 0x0000000800000000)
  region size 2048K, 3 young (6144K), 3 survivors (6144K)
 Metaspace       used 60532K, committed 61632K, reserved 1105920K
  class space    used 8342K, committed 8832K, reserved 1048576K
}
Event: 32.645 GC heap before
{Heap before GC invocations=24 (full 0):
 garbage-first heap   total 335872K, used 263848K [0x0000000720a00000, 0x0000000800000000)
  region size 2048K, 55 young (112640K), 3 survivors (6144K)
 Metaspace       used 65458K, committed 66560K, reserved 1105920K
  class space    used 9110K, committed 9600K, reserved 1048576K
}
Event: 32.655 GC heap after
{Heap after GC invocations=25 (full 0):
 garbage-first heap   total 335872K, used 160922K [0x0000000720a00000, 0x0000000800000000)
  region size 2048K, 5 young (10240K), 5 survivors (10240K)
 Metaspace       used 65458K, committed 66560K, reserved 1105920K
  class space    used 9110K, committed 9600K, reserved 1048576K
}

