# JRE version: Java(TM) SE Runtime Environment (17.0.6+9) (build 17.0.6+9-LTS-190)
# Java VM: Java HotSpot(TM) 64-Bit Server VM (17.0.6+9-LTS-190, mixed mode, sharing, tiered, compressed oops, compressed class ptrs, g1 gc, windows-amd64)
GC Precious Log:
 CPUs: 8 total, 8 available
 Memory: 14293M
 Large Page Support: Disabled
 NUMA Support: Disabled
 Compressed Oops: Enabled (Zero based)
 Heap Region Size: 2M
 Heap Min Capacity: 8M
 Heap Initial Capacity: 224M
 Heap Max Capacity: 3574M
 Pre-touch: Disabled
 Parallel Workers: 8
 Concurrent Workers: 2
 Concurrent Refinement Workers: 8
 Periodic GC: Disabled
Heap:
 garbage-first heap   total 479232K, used 247664K [0x0000000720a00000, 0x0000000800000000)
  region size 2048K, 49 young (100352K), 5 survivors (10240K)
 Metaspace       used 65656K, committed 66816K, reserved 1105920K
  class space    used 9952K, committed 10432K, reserved 1048576K
GC Heap History (20 events):
Event: 7.948 GC heap before
{Heap before GC invocations=12 (full 0):
 garbage-first heap   total 219136K, used 172142K [0x0000000720a00000, 0x0000000800000000)
  region size 2048K, 50 young (102400K), 2 survivors (4096K)
 Metaspace       used 27719K, committed 28544K, reserved 1081344K
  class space    used 3450K, committed 3840K, reserved 1048576K
}
Event: 7.951 GC heap after
{Heap after GC invocations=13 (full 0):
 garbage-first heap   total 264192K, used 76933K [0x0000000720a00000, 0x0000000800000000)
  region size 2048K, 2 young (4096K), 2 survivors (4096K)
 Metaspace       used 27719K, committed 28544K, reserved 1081344K
  class space    used 3450K, committed 3840K, reserved 1048576K
}
Event: 8.374 GC heap before
{Heap before GC invocations=13 (full 0):
 garbage-first heap   total 264192K, used 228485K [0x0000000720a00000, 0x0000000800000000)
  region size 2048K, 70 young (143360K), 2 survivors (4096K)
 Metaspace       used 30369K, committed 31232K, reserved 1081344K
  class space    used 3803K, committed 4160K, reserved 1048576K
}
Event: 8.379 GC heap after
{Heap after GC invocations=14 (full 0):
 garbage-first heap   total 264192K, used 92476K [0x0000000720a00000, 0x0000000800000000)
  region size 2048K, 4 young (8192K), 4 survivors (8192K)
 Metaspace       used 30369K, committed 31232K, reserved 1081344K
  class space    used 3803K, committed 4160K, reserved 1048576K
}
Event: 9.265 GC heap before
{Heap before GC invocations=14 (full 0):
 garbage-first heap   total 264192K, used 217404K [0x0000000720a00000, 0x0000000800000000)
  region size 2048K, 65 young (133120K), 4 survivors (8192K)
 Metaspace       used 33834K, committed 34752K, reserved 1081344K
  class space    used 4198K, committed 4608K, reserved 1048576K
}
Event: 9.272 GC heap after
{Heap after GC invocations=15 (full 0):
 garbage-first heap   total 264192K, used 94916K [0x0000000720a00000, 0x0000000800000000)
  region size 2048K, 5 young (10240K), 5 survivors (10240K)
 Metaspace       used 33834K, committed 34752K, reserved 1081344K
  class space    used 4198K, committed 4608K, reserved 1048576K
}
Event: 9.487 GC heap before
{Heap before GC invocations=15 (full 0):
 garbage-first heap   total 264192K, used 113348K [0x0000000720a00000, 0x0000000800000000)
  region size 2048K, 15 young (30720K), 5 survivors (10240K)
 Metaspace       used 35113K, committed 35968K, reserved 1081344K
  class space    used 4375K, committed 4736K, reserved 1048576K
}
Event: 9.493 GC heap after
{Heap after GC invocations=16 (full 0):
 garbage-first heap   total 264192K, used 95362K [0x0000000720a00000, 0x0000000800000000)
  region size 2048K, 5 young (10240K), 5 survivors (10240K)
 Metaspace       used 35113K, committed 35968K, reserved 1081344K
  class space    used 4375K, committed 4736K, reserved 1048576K
}
Event: 10.548 GC heap before
{Heap before GC invocations=17 (full 0):
 garbage-first heap   total 264192K, used 222338K [0x0000000720a00000, 0x0000000800000000)
  region size 2048K, 67 young (137216K), 5 survivors (10240K)
 Metaspace       used 40748K, committed 41792K, reserved 1089536K
  class space    used 5393K, committed 5888K, reserved 1048576K
}
Event: 10.568 GC heap after
{Heap after GC invocations=18 (full 0):
 garbage-first heap   total 264192K, used 103423K [0x0000000720a00000, 0x0000000800000000)
  region size 2048K, 9 young (18432K), 9 survivors (18432K)
 Metaspace       used 40748K, committed 41792K, reserved 1089536K
  class space    used 5393K, committed 5888K, reserved 1048576K
}
Event: 10.575 GC heap before
{Heap before GC invocations=18 (full 0):
 garbage-first heap   total 264192K, used 105471K [0x0000000720a00000, 0x0000000800000000)
  region size 2048K, 10 young (20480K), 9 survivors (18432K)
 Metaspace       used 40748K, committed 41792K, reserved 1089536K
  class space    used 5393K, committed 5888K, reserved 1048576K
}
Event: 10.587 GC heap after
{Heap after GC invocations=19 (full 0):
 garbage-first heap   total 264192K, used 104112K [0x0000000720a00000, 0x0000000800000000)
  region size 2048K, 1 young (2048K), 1 survivors (2048K)
 Metaspace       used 40748K, committed 41792K, reserved 1089536K
  class space    used 5393K, committed 5888K, reserved 1048576K
}
Event: 11.085 GC heap before
{Heap before GC invocations=19 (full 0):
 garbage-first heap   total 264192K, used 218800K [0x0000000720a00000, 0x0000000800000000)
  region size 2048K, 57 young (116736K), 1 survivors (2048K)
 Metaspace       used 41909K, committed 42880K, reserved 1089536K
  class space    used 5587K, committed 6080K, reserved 1048576K
}
Event: 11.098 GC heap after
{Heap after GC invocations=20 (full 0):
 garbage-first heap   total 616448K, used 115819K [0x0000000720a00000, 0x0000000800000000)
  region size 2048K, 7 young (14336K), 7 survivors (14336K)
 Metaspace       used 41909K, committed 42880K, reserved 1089536K
  class space    used 5587K, committed 6080K, reserved 1048576K
}
Event: 12.518 GC heap before
{Heap before GC invocations=21 (full 0):
 garbage-first heap   total 479232K, used 388203K [0x0000000720a00000, 0x0000000800000000)
  region size 2048K, 140 young (286720K), 7 survivors (14336K)
 Metaspace       used 48352K, committed 49408K, reserved 1097728K
  class space    used 6615K, committed 7104K, reserved 1048576K
}
Event: 12.545 GC heap after
{Heap after GC invocations=22 (full 0):
 garbage-first heap   total 479232K, used 150588K [0x0000000720a00000, 0x0000000800000000)
  region size 2048K, 18 young (36864K), 18 survivors (36864K)
 Metaspace       used 48352K, committed 49408K, reserved 1097728K
  class space    used 6615K, committed 7104K, reserved 1048576K
}
Event: 12.568 GC heap before
{Heap before GC invocations=22 (full 0):
 garbage-first heap   total 479232K, used 150588K [0x0000000720a00000, 0x0000000800000000)
  region size 2048K, 19 young (38912K), 18 survivors (36864K)
 Metaspace       used 48503K, committed 49536K, reserved 1097728K
  class space    used 6638K, committed 7104K, reserved 1048576K
}
Event: 12.590 GC heap after
{Heap after GC invocations=23 (full 0):
 garbage-first heap   total 479232K, used 155691K [0x0000000720a00000, 0x0000000800000000)
  region size 2048K, 3 young (6144K), 3 survivors (6144K)
 Metaspace       used 48503K, committed 49536K, reserved 1097728K
  class space    used 6638K, committed 7104K, reserved 1048576K
}
Event: 14.700 GC heap before
{Heap before GC invocations=23 (full 0):
 garbage-first heap   total 479232K, used 358443K [0x0000000720a00000, 0x0000000800000000)
  region size 2048K, 102 young (208896K), 3 survivors (6144K)
 Metaspace       used 60755K, committed 61888K, reserved 1105920K
  class space    used 9220K, committed 9728K, reserved 1048576K
}
Event: 14.708 GC heap after
{Heap after GC invocations=24 (full 0):
 garbage-first heap   total 479232K, used 159600K [0x0000000720a00000, 0x0000000800000000)
  region size 2048K, 5 young (10240K), 5 survivors (10240K)
 Metaspace       used 60755K, committed 61888K, reserved 1105920K
  class space    used 9220K, committed 9728K, reserved 1048576K
}

