# JRE version: OpenJDK Runtime Environment Temurin-17.0.5+8 (17.0.5+8) (build 17.0.5+8)
# Java VM: OpenJDK 64-Bit Server VM Temurin-17.0.5+8 (17.0.5+8, mixed mode, sharing, tiered, compressed oops, compressed class ptrs, g1 gc, windows-amd64)
GC Precious Log:
 CPUs: 8 total, 8 available
 Memory: 14293M
 Large Page Support: Disabled
 NUMA Support: Disabled
 Compressed Oops: Enabled (Zero based)
 Heap Region Size: 2M
 Heap Min Capacity: 8M
 Heap Initial Capacity: 224M
 Heap Max Capacity: 3574M
 Pre-touch: Disabled
 Parallel Workers: 8
 Concurrent Workers: 2
 Concurrent Refinement Workers: 8
 Periodic GC: Disabled
Heap:
 garbage-first heap   total 425984K, used 300294K [0x0000000720a00000, 0x0000000800000000)
  region size 2048K, 73 young (149504K), 3 survivors (6144K)
 Metaspace       used 65580K, committed 66752K, reserved 1105920K
  class space    used 9950K, committed 10432K, reserved 1048576K
GC Heap History (20 events):
Event: 6.859 GC heap before
{Heap before GC invocations=13 (full 0):
 garbage-first heap   total 253952K, used 217868K [0x0000000720a00000, 0x0000000800000000)
  region size 2048K, 68 young (139264K), 2 survivors (4096K)
 Metaspace       used 29861K, committed 30656K, reserved 1081344K
  class space    used 3732K, committed 4096K, reserved 1048576K
}
Event: 6.866 GC heap after
{Heap after GC invocations=14 (full 0):
 garbage-first heap   total 253952K, used 87377K [0x0000000720a00000, 0x0000000800000000)
  region size 2048K, 3 young (6144K), 3 survivors (6144K)
 Metaspace       used 29861K, committed 30656K, reserved 1081344K
  class space    used 3732K, committed 4096K, reserved 1048576K
}
Event: 7.345 GC heap before
{Heap before GC invocations=14 (full 0):
 garbage-first heap   total 253952K, used 208209K [0x0000000720a00000, 0x0000000800000000)
  region size 2048K, 63 young (129024K), 3 survivors (6144K)
 Metaspace       used 31390K, committed 32256K, reserved 1081344K
  class space    used 3945K, committed 4288K, reserved 1048576K
}
Event: 7.352 GC heap after
{Heap after GC invocations=15 (full 0):
 garbage-first heap   total 253952K, used 89792K [0x0000000720a00000, 0x0000000800000000)
  region size 2048K, 4 young (8192K), 4 survivors (8192K)
 Metaspace       used 31390K, committed 32256K, reserved 1081344K
  class space    used 3945K, committed 4288K, reserved 1048576K
}
Event: 8.343 GC heap before
{Heap before GC invocations=15 (full 0):
 garbage-first heap   total 253952K, used 210624K [0x0000000720a00000, 0x0000000800000000)
  region size 2048K, 63 young (129024K), 4 survivors (8192K)
 Metaspace       used 35225K, committed 36160K, reserved 1081344K
  class space    used 4381K, committed 4800K, reserved 1048576K
}
Event: 8.350 GC heap after
{Heap after GC invocations=16 (full 0):
 garbage-first heap   total 253952K, used 91840K [0x0000000720a00000, 0x0000000800000000)
  region size 2048K, 5 young (10240K), 5 survivors (10240K)
 Metaspace       used 35225K, committed 36160K, reserved 1081344K
  class space    used 4381K, committed 4800K, reserved 1048576K
}
Event: 8.355 GC heap before
{Heap before GC invocations=16 (full 0):
 garbage-first heap   total 253952K, used 91840K [0x0000000720a00000, 0x0000000800000000)
  region size 2048K, 6 young (12288K), 5 survivors (10240K)
 Metaspace       used 35247K, committed 36160K, reserved 1081344K
  class space    used 4386K, committed 4800K, reserved 1048576K
}
Event: 8.361 GC heap after
{Heap after GC invocations=17 (full 0):
 garbage-first heap   total 253952K, used 92075K [0x0000000720a00000, 0x0000000800000000)
  region size 2048K, 5 young (10240K), 5 survivors (10240K)
 Metaspace       used 35247K, committed 36160K, reserved 1081344K
  class space    used 4386K, committed 4800K, reserved 1048576K
}
Event: 9.449 GC heap before
{Heap before GC invocations=18 (full 0):
 garbage-first heap   total 253952K, used 212907K [0x0000000720a00000, 0x0000000800000000)
  region size 2048K, 64 young (131072K), 5 survivors (10240K)
 Metaspace       used 40757K, committed 41728K, reserved 1089536K
  class space    used 5384K, committed 5824K, reserved 1048576K
}
Event: 9.463 GC heap after
{Heap after GC invocations=19 (full 0):
 garbage-first heap   total 253952K, used 99492K [0x0000000720a00000, 0x0000000800000000)
  region size 2048K, 8 young (16384K), 8 survivors (16384K)
 Metaspace       used 40757K, committed 41728K, reserved 1089536K
  class space    used 5384K, committed 5824K, reserved 1048576K
}
Event: 9.872 GC heap before
{Heap before GC invocations=19 (full 0):
 garbage-first heap   total 253952K, used 208036K [0x0000000720a00000, 0x0000000800000000)
  region size 2048K, 61 young (124928K), 8 survivors (16384K)
 Metaspace       used 41803K, committed 42816K, reserved 1089536K
  class space    used 5551K, committed 6016K, reserved 1048576K
}
Event: 9.898 GC heap after
{Heap after GC invocations=20 (full 0):
 garbage-first heap   total 305152K, used 109706K [0x0000000720a00000, 0x0000000800000000)
  region size 2048K, 8 young (16384K), 8 survivors (16384K)
 Metaspace       used 41803K, committed 42816K, reserved 1089536K
  class space    used 5551K, committed 6016K, reserved 1048576K
}
Event: 10.220 GC heap before
{Heap before GC invocations=20 (full 0):
 garbage-first heap   total 305152K, used 248970K [0x0000000720a00000, 0x0000000800000000)
  region size 2048K, 76 young (155648K), 8 survivors (16384K)
 Metaspace       used 42360K, committed 43328K, reserved 1089536K
  class space    used 5635K, committed 6080K, reserved 1048576K
}
Event: 10.246 GC heap after
{Heap after GC invocations=21 (full 0):
 garbage-first heap   total 305152K, used 123435K [0x0000000720a00000, 0x0000000800000000)
  region size 2048K, 10 young (20480K), 10 survivors (20480K)
 Metaspace       used 42360K, committed 43328K, reserved 1089536K
  class space    used 5635K, committed 6080K, reserved 1048576K
}
Event: 11.057 GC heap before
{Heap before GC invocations=21 (full 0):
 garbage-first heap   total 305152K, used 246315K [0x0000000720a00000, 0x0000000800000000)
  region size 2048K, 70 young (143360K), 10 survivors (20480K)
 Metaspace       used 47257K, committed 48320K, reserved 1097728K
  class space    used 6383K, committed 6848K, reserved 1048576K
}
Event: 11.079 GC heap after
{Heap after GC invocations=22 (full 0):
 garbage-first heap   total 305152K, used 142690K [0x0000000720a00000, 0x0000000800000000)
  region size 2048K, 9 young (18432K), 9 survivors (18432K)
 Metaspace       used 47257K, committed 48320K, reserved 1097728K
  class space    used 6383K, committed 6848K, reserved 1048576K
}
Event: 12.057 GC heap before
{Heap before GC invocations=22 (full 0):
 garbage-first heap   total 305152K, used 240994K [0x0000000720a00000, 0x0000000800000000)
  region size 2048K, 57 young (116736K), 9 survivors (18432K)
 Metaspace       used 54325K, committed 55360K, reserved 1097728K
  class space    used 7998K, committed 8448K, reserved 1048576K
}
Event: 12.071 GC heap after
{Heap after GC invocations=23 (full 0):
 garbage-first heap   total 305152K, used 153690K [0x0000000720a00000, 0x0000000800000000)
  region size 2048K, 6 young (12288K), 6 survivors (12288K)
 Metaspace       used 54325K, committed 55360K, reserved 1097728K
  class space    used 7998K, committed 8448K, reserved 1048576K
}
Event: 12.759 GC heap before
{Heap before GC invocations=23 (full 0):
 garbage-first heap   total 305152K, used 241754K [0x0000000720a00000, 0x0000000800000000)
  region size 2048K, 49 young (100352K), 6 survivors (12288K)
 Metaspace       used 57642K, committed 58752K, reserved 1105920K
  class space    used 8613K, committed 9088K, reserved 1048576K
}
Event: 12.769 GC heap after
{Heap after GC invocations=24 (full 0):
 garbage-first heap   total 425984K, used 158982K [0x0000000720a00000, 0x0000000800000000)
  region size 2048K, 3 young (6144K), 3 survivors (6144K)
 Metaspace       used 57642K, committed 58752K, reserved 1105920K
  class space    used 8613K, committed 9088K, reserved 1048576K
}

